[FATAL] 2022-06-30 12:26:53.008 [main] StepDef - Setup1 executed...
[INFO ] 2022-06-30 12:26:53.059 [main] StepDef - chrome browser launched
[INFO ] 2022-06-30 12:26:55.960 [main] StepDef - url opened
[INFO ] 2022-06-30 12:26:56.173 [main] StepDef - email address and password entered
[INFO ] 2022-06-30 12:27:00.439 [main] StepDef - Clicked on login button
[WARN ] 2022-06-30 12:27:00.449 [main] StepDef - Test passed: Login feature :Page title matched.
[INFO ] 2022-06-30 12:27:02.322 [main] StepDef - user clicked on logout link.
[WARN ] 2022-06-30 12:27:02.328 [main] StepDef - Test passed: Login feature :Page title matched.
[INFO ] 2022-06-30 12:27:02.402 [main] StepDef - Browser closed
[FATAL] 2022-06-30 12:52:44.932 [main] StepDef - Setup1 executed...
[INFO ] 2022-06-30 12:52:45.044 [main] StepDef - chrome browser launched
[INFO ] 2022-06-30 12:52:50.034 [main] StepDef - url opened
[INFO ] 2022-06-30 12:52:50.252 [main] StepDef - email address and password entered
[INFO ] 2022-06-30 12:53:01.017 [main] StepDef - Clicked on login button
[INFO ] 2022-06-30 12:53:01.024 [main] StepDef - user can view dashboard test passed.
[INFO ] 2022-06-30 12:53:01.084 [main] StepDef - customer menu clicked
[INFO ] 2022-06-30 12:53:07.784 [main] StepDef - customer menu item clicked
[INFO ] 2022-06-30 12:53:15.205 [main] StepDef - clicked on add new button.
[INFO ] 2022-06-30 12:53:15.212 [main] StepDef - User can view Add new customer page- passed
[INFO ] 2022-06-30 12:53:16.069 [main] StepDef - customer information entered
[INFO ] 2022-06-30 12:53:17.867 [main] StepDef - clicked on save button
[INFO ] 2022-06-30 12:53:18.477 [main] StepDef - User can view confirmation message - passed
[INFO ] 2022-06-30 12:53:18.576 [main] StepDef - Browser closed
[FATAL] 2022-06-30 12:53:19.839 [main] StepDef - Setup1 executed...
[INFO ] 2022-06-30 12:53:19.845 [main] StepDef - chrome browser launched
[INFO ] 2022-06-30 12:53:20.891 [main] StepDef - url opened
[INFO ] 2022-06-30 12:53:21.184 [main] StepDef - email address and password entered
[INFO ] 2022-06-30 12:53:25.677 [main] StepDef - Clicked on login button
[INFO ] 2022-06-30 12:53:25.685 [main] StepDef - user can view dashboard test passed.
[INFO ] 2022-06-30 12:53:25.745 [main] StepDef - customer menu clicked
[INFO ] 2022-06-30 12:53:29.537 [main] StepDef - customer menu item clicked
[INFO ] 2022-06-30 12:53:31.630 [main] StepDef - Email address entered
[INFO ] 2022-06-30 12:53:31.677 [main] StepDef - Clicked on search button.
[INFO ] 2022-06-30 12:53:33.731 [main] StepDef - User should found Email in the Search table - passed
[INFO ] 2022-06-30 12:53:33.818 [main] StepDef - Browser closed
[FATAL] 2022-06-30 12:53:35.020 [main] StepDef - Setup1 executed...
[INFO ] 2022-06-30 12:53:35.023 [main] StepDef - chrome browser launched
[INFO ] 2022-06-30 12:53:36.756 [main] StepDef - url opened
[INFO ] 2022-06-30 12:53:37.045 [main] StepDef - email address and password entered
[INFO ] 2022-06-30 12:53:40.526 [main] StepDef - Clicked on login button
[INFO ] 2022-06-30 12:53:40.533 [main] StepDef - user can view dashboard test passed.
[INFO ] 2022-06-30 12:53:40.610 [main] StepDef - customer menu clicked
[INFO ] 2022-06-30 12:53:44.728 [main] StepDef - customer menu item clicked
[INFO ] 2022-06-30 12:53:46.998 [main] StepDef - Clicked on search button.
[INFO ] 2022-06-30 12:53:49.114 [main] StepDef - Browser closed
[FATAL] 2022-06-30 12:53:50.305 [main] StepDef - Setup1 executed...
[INFO ] 2022-06-30 12:53:50.309 [main] StepDef - chrome browser launched
[INFO ] 2022-06-30 12:53:51.418 [main] StepDef - url opened
[INFO ] 2022-06-30 12:53:51.713 [main] StepDef - email address and password entered
[INFO ] 2022-06-30 12:53:56.086 [main] StepDef - Clicked on login button
[WARN ] 2022-06-30 12:53:56.169 [main] StepDef - Test passed: Login feature :Page title matched.
[INFO ] 2022-06-30 12:53:57.713 [main] StepDef - user clicked on logout link.
[WARN ] 2022-06-30 12:53:57.718 [main] StepDef - Test passed: Login feature :Page title matched.
[INFO ] 2022-06-30 12:53:57.790 [main] StepDef - Browser closed
[FATAL] 2022-06-30 12:53:58.800 [main] StepDef - Setup1 executed...
[INFO ] 2022-06-30 12:53:58.802 [main] StepDef - chrome browser launched
[INFO ] 2022-06-30 12:54:00.161 [main] StepDef - url opened
[INFO ] 2022-06-30 12:54:00.455 [main] StepDef - email address and password entered
[INFO ] 2022-06-30 12:54:04.329 [main] StepDef - Clicked on login button
[WARN ] 2022-06-30 12:54:04.336 [main] StepDef - Test passed: Login feature :Page title matched.
[INFO ] 2022-06-30 12:54:05.866 [main] StepDef - user clicked on logout link.
[WARN ] 2022-06-30 12:54:05.873 [main] StepDef - Test passed: Login feature :Page title matched.
[INFO ] 2022-06-30 12:54:05.942 [main] StepDef - Browser closed
[FATAL] 2022-06-30 14:02:37.610 [main] StepDef - Setup1 executed...
[INFO ] 2022-06-30 14:02:37.669 [main] StepDef - chrome browser launched
[INFO ] 2022-06-30 14:02:40.165 [main] StepDef - url opened
[INFO ] 2022-06-30 14:02:40.485 [main] StepDef - email address and password entered
[INFO ] 2022-06-30 14:02:44.847 [main] StepDef - Clicked on login button
[INFO ] 2022-06-30 14:02:44.853 [main] StepDef - user can view dashboard test passed.
[INFO ] 2022-06-30 14:02:44.948 [main] StepDef - customer menu clicked
[INFO ] 2022-06-30 14:02:48.812 [main] StepDef - customer menu item clicked
[INFO ] 2022-06-30 14:02:52.849 [main] StepDef - clicked on add new button.
[INFO ] 2022-06-30 14:02:52.856 [main] StepDef - User can view Add new customer page- passed
[INFO ] 2022-06-30 14:02:53.646 [main] StepDef - customer information entered
[INFO ] 2022-06-30 14:02:55.101 [main] StepDef - clicked on save button
[INFO ] 2022-06-30 14:02:55.736 [main] StepDef - User can view confirmation message - passed
[FATAL] 2022-06-30 14:02:57.158 [main] StepDef - Setup1 executed...
[INFO ] 2022-06-30 14:02:57.160 [main] StepDef - chrome browser launched
[INFO ] 2022-06-30 14:02:58.616 [main] StepDef - url opened
[INFO ] 2022-06-30 14:02:58.956 [main] StepDef - email address and password entered
[INFO ] 2022-06-30 14:03:03.368 [main] StepDef - Clicked on login button
[INFO ] 2022-06-30 14:03:03.377 [main] StepDef - user can view dashboard test passed.
[INFO ] 2022-06-30 14:03:03.496 [main] StepDef - customer menu clicked
[INFO ] 2022-06-30 14:03:07.221 [main] StepDef - customer menu item clicked
[INFO ] 2022-06-30 14:03:09.313 [main] StepDef - Email address entered
[INFO ] 2022-06-30 14:03:09.357 [main] StepDef - Clicked on search button.
[INFO ] 2022-06-30 14:03:11.411 [main] StepDef - User should found Email in the Search table - passed
[FATAL] 2022-06-30 14:03:13.316 [main] StepDef - Setup1 executed...
[INFO ] 2022-06-30 14:03:13.318 [main] StepDef - chrome browser launched
[INFO ] 2022-06-30 14:03:15.864 [main] StepDef - url opened
[INFO ] 2022-06-30 14:03:16.082 [main] StepDef - email address and password entered
[INFO ] 2022-06-30 14:03:20.076 [main] StepDef - Clicked on login button
[INFO ] 2022-06-30 14:03:20.082 [main] StepDef - user can view dashboard test passed.
[INFO ] 2022-06-30 14:03:20.174 [main] StepDef - customer menu clicked
[INFO ] 2022-06-30 14:03:23.698 [main] StepDef - customer menu item clicked
[INFO ] 2022-06-30 14:03:25.905 [main] StepDef - Clicked on search button.
[FATAL] 2022-06-30 14:04:35.892 [main] StepDef - Setup1 executed...
[INFO ] 2022-06-30 14:04:35.956 [main] StepDef - chrome browser launched
[INFO ] 2022-06-30 14:04:39.935 [main] StepDef - url opened
[INFO ] 2022-06-30 14:04:40.134 [main] StepDef - email address and password entered
[INFO ] 2022-06-30 14:04:43.474 [main] StepDef - Clicked on login button
[WARN ] 2022-06-30 14:04:43.483 [main] StepDef - Test passed: Login feature :Page title matched.
[INFO ] 2022-06-30 14:04:45.132 [main] StepDef - user clicked on logout link.
[WARN ] 2022-06-30 14:04:45.138 [main] StepDef - Test passed: Login feature :Page title matched.
[FATAL] 2022-06-30 14:05:40.384 [main] StepDef - Setup1 executed...
[INFO ] 2022-06-30 14:05:40.434 [main] StepDef - chrome browser launched
[INFO ] 2022-06-30 14:05:43.060 [main] StepDef - url opened
[INFO ] 2022-06-30 14:05:43.363 [main] StepDef - email address and password entered
[INFO ] 2022-06-30 14:05:47.713 [main] StepDef - Clicked on login button
[WARN ] 2022-06-30 14:05:47.721 [main] StepDef - Test passed: Login feature :Page title matched.
[INFO ] 2022-06-30 14:05:49.779 [main] StepDef - user clicked on logout link.
[WARN ] 2022-06-30 14:05:49.785 [main] StepDef - Test passed: Login feature :Page title matched.
[FATAL] 2022-06-30 14:05:50.982 [main] StepDef - Setup1 executed...
[INFO ] 2022-06-30 14:05:50.987 [main] StepDef - chrome browser launched
[INFO ] 2022-06-30 14:05:52.048 [main] StepDef - url opened
[INFO ] 2022-06-30 14:05:52.353 [main] StepDef - email address and password entered
[INFO ] 2022-06-30 14:05:55.306 [main] StepDef - Clicked on login button
[WARN ] 2022-06-30 14:05:55.313 [main] StepDef - Test passed: Login feature :Page title matched.
[INFO ] 2022-06-30 14:05:57.030 [main] StepDef - user clicked on logout link.
[WARN ] 2022-06-30 14:05:57.036 [main] StepDef - Test passed: Login feature :Page title matched.
[FATAL] 2022-06-30 14:06:55.807 [main] StepDef - Setup1 executed...
[INFO ] 2022-06-30 14:06:55.866 [main] StepDef - chrome browser launched
[INFO ] 2022-06-30 14:06:58.609 [main] StepDef - url opened
[INFO ] 2022-06-30 14:06:58.822 [main] StepDef - email address and password entered
[INFO ] 2022-06-30 14:07:03.756 [main] StepDef - Clicked on login button
[WARN ] 2022-06-30 14:07:03.765 [main] StepDef - Test passed: Login feature :Page title matched.
[INFO ] 2022-06-30 14:07:05.595 [main] StepDef - user clicked on logout link.
[WARN ] 2022-06-30 14:07:05.602 [main] StepDef - Test passed: Login feature :Page title matched.
[FATAL] 2022-06-30 15:20:55.539 [main] StepDef - Setup1 executed...
[INFO ] 2022-06-30 15:20:55.597 [main] StepDef - chrome browser launched
[INFO ] 2022-06-30 15:20:59.008 [main] StepDef - url opened
[INFO ] 2022-06-30 15:20:59.283 [main] StepDef - email address and password entered
[INFO ] 2022-06-30 15:21:10.769 [main] StepDef - Clicked on login button
[WARN ] 2022-06-30 15:21:10.779 [main] StepDef - Test passed: Login feature :Page title matched.
[INFO ] 2022-06-30 15:21:12.480 [main] StepDef - user clicked on logout link.
[WARN ] 2022-06-30 15:21:12.491 [main] StepDef - Test passed: Login feature :Page title matched.
[INFO ] 2022-06-30 15:21:12.620 [main] StepDef - Browser closed
[FATAL] 2022-06-30 15:59:14.299 [main] StepDef - Setup1 executed...
[INFO ] 2022-06-30 15:59:14.349 [main] StepDef - chrome browser launched
[INFO ] 2022-06-30 15:59:20.125 [main] StepDef - url opened
[INFO ] 2022-06-30 15:59:20.377 [main] StepDef - email address and password entered
[INFO ] 2022-06-30 15:59:28.806 [main] StepDef - Clicked on login button
[INFO ] 2022-06-30 15:59:28.813 [main] StepDef - user can view dashboard test passed.
[INFO ] 2022-06-30 15:59:28.884 [main] StepDef - customer menu clicked
[INFO ] 2022-06-30 15:59:33.213 [main] StepDef - customer menu item clicked
[INFO ] 2022-06-30 15:59:36.764 [main] StepDef - clicked on add new button.
[INFO ] 2022-06-30 15:59:37.313 [main] StepDef - User can view Add new customer page- passed
[INFO ] 2022-06-30 15:59:38.652 [main] StepDef - customer information entered
[INFO ] 2022-06-30 15:59:40.972 [main] StepDef - clicked on save button
[INFO ] 2022-06-30 15:59:41.651 [main] StepDef - User can view confirmation message - passed
[INFO ] 2022-06-30 15:59:41.790 [main] StepDef - Browser closed
[FATAL] 2022-06-30 15:59:42.851 [main] StepDef - Setup1 executed...
[INFO ] 2022-06-30 15:59:42.853 [main] StepDef - chrome browser launched
[INFO ] 2022-06-30 15:59:45.012 [main] StepDef - url opened
[INFO ] 2022-06-30 15:59:45.238 [main] StepDef - email address and password entered
[INFO ] 2022-06-30 15:59:50.398 [main] StepDef - Clicked on login button
[INFO ] 2022-06-30 15:59:50.410 [main] StepDef - user can view dashboard test passed.
[INFO ] 2022-06-30 15:59:50.494 [main] StepDef - customer menu clicked
[INFO ] 2022-06-30 15:59:55.080 [main] StepDef - customer menu item clicked
[INFO ] 2022-06-30 15:59:57.215 [main] StepDef - Email address entered
[INFO ] 2022-06-30 15:59:57.288 [main] StepDef - Clicked on search button.
[INFO ] 2022-06-30 15:59:59.349 [main] StepDef - User should found Email in the Search table - passed
[INFO ] 2022-06-30 15:59:59.448 [main] StepDef - Browser closed
[FATAL] 2022-06-30 16:00:00.361 [main] StepDef - Setup1 executed...
[INFO ] 2022-06-30 16:00:00.364 [main] StepDef - chrome browser launched
[INFO ] 2022-06-30 16:00:02.934 [main] StepDef - url opened
[INFO ] 2022-06-30 16:00:03.136 [main] StepDef - email address and password entered
[INFO ] 2022-06-30 16:00:11.651 [main] StepDef - Clicked on login button
[INFO ] 2022-06-30 16:00:11.660 [main] StepDef - user can view dashboard test passed.
[INFO ] 2022-06-30 16:00:11.739 [main] StepDef - customer menu clicked
[INFO ] 2022-06-30 16:00:16.599 [main] StepDef - customer menu item clicked
[INFO ] 2022-06-30 16:00:18.832 [main] StepDef - Clicked on search button.
[INFO ] 2022-06-30 16:00:20.958 [main] StepDef - Browser closed
[FATAL] 2022-06-30 16:00:33.045 [main] StepDef - Setup1 executed...
[INFO ] 2022-06-30 16:00:33.086 [main] StepDef - chrome browser launched
[INFO ] 2022-06-30 16:00:34.716 [main] StepDef - url opened
[INFO ] 2022-06-30 16:00:34.962 [main] StepDef - email address and password entered
[INFO ] 2022-06-30 16:00:39.044 [main] StepDef - Clicked on login button
[WARN ] 2022-06-30 16:00:39.058 [main] StepDef - Test passed: Login feature :Page title matched.
[INFO ] 2022-06-30 16:00:41.539 [main] StepDef - user clicked on logout link.
[WARN ] 2022-06-30 16:00:41.548 [main] StepDef - Test passed: Login feature :Page title matched.
[INFO ] 2022-06-30 16:00:41.631 [main] StepDef - Browser closed
[FATAL] 2022-06-30 16:00:42.607 [main] StepDef - Setup1 executed...
[INFO ] 2022-06-30 16:00:42.612 [main] StepDef - chrome browser launched
[INFO ] 2022-06-30 16:00:44.121 [main] StepDef - url opened
[INFO ] 2022-06-30 16:00:44.351 [main] StepDef - email address and password entered
[INFO ] 2022-06-30 16:00:48.129 [main] StepDef - Clicked on login button
[WARN ] 2022-06-30 16:00:48.143 [main] StepDef - Test passed: Login feature :Page title matched.
[INFO ] 2022-06-30 16:00:50.846 [main] StepDef - user clicked on logout link.
[WARN ] 2022-06-30 16:00:50.854 [main] StepDef - Test passed: Login feature :Page title matched.
[INFO ] 2022-06-30 16:00:50.937 [main] StepDef - Browser closed
[FATAL] 2022-06-30 16:03:49.715 [main] StepDef - Setup1 executed...
[INFO ] 2022-06-30 16:03:49.759 [main] StepDef - chrome browser launched
[INFO ] 2022-06-30 16:03:52.480 [main] StepDef - url opened
[INFO ] 2022-06-30 16:03:52.798 [main] StepDef - email address and password entered
[INFO ] 2022-06-30 16:04:09.543 [main] StepDef - Clicked on login button
[WARN ] 2022-06-30 16:04:09.555 [main] StepDef - Test passed: Login feature :Page title matched.
[INFO ] 2022-06-30 16:04:13.285 [main] StepDef - user clicked on logout link.
[WARN ] 2022-06-30 16:04:13.298 [main] StepDef - Test passed: Login feature :Page title matched.
[INFO ] 2022-06-30 16:04:13.382 [main] StepDef - Browser closed
[FATAL] 2022-06-30 16:05:31.066 [main] StepDef - Setup1 executed...
[INFO ] 2022-06-30 16:05:31.105 [main] StepDef - chrome browser launched
[INFO ] 2022-06-30 16:05:33.790 [main] StepDef - url opened
[INFO ] 2022-06-30 16:05:34.023 [main] StepDef - email address and password entered
[INFO ] 2022-06-30 16:05:39.559 [main] StepDef - Clicked on login button
[INFO ] 2022-06-30 16:05:39.570 [main] StepDef - user can view dashboard test passed.
[INFO ] 2022-06-30 16:05:39.660 [main] StepDef - customer menu clicked
[INFO ] 2022-06-30 16:05:44.989 [main] StepDef - customer menu item clicked
[INFO ] 2022-06-30 16:05:51.320 [main] StepDef - clicked on add new button.
[INFO ] 2022-06-30 16:05:51.352 [main] StepDef - User can view Add new customer page- passed
[INFO ] 2022-06-30 16:05:52.368 [main] StepDef - customer information entered
[INFO ] 2022-06-30 16:05:54.179 [main] StepDef - clicked on save button
[INFO ] 2022-06-30 16:05:54.854 [main] StepDef - User can view confirmation message - passed
[INFO ] 2022-06-30 16:05:54.920 [main] StepDef - Browser closed
[FATAL] 2022-06-30 16:05:55.852 [main] StepDef - Setup1 executed...
[INFO ] 2022-06-30 16:05:55.854 [main] StepDef - chrome browser launched
[INFO ] 2022-06-30 16:05:58.289 [main] StepDef - url opened
[INFO ] 2022-06-30 16:05:58.500 [main] StepDef - email address and password entered
[INFO ] 2022-06-30 16:06:02.212 [main] StepDef - Clicked on login button
[INFO ] 2022-06-30 16:06:02.222 [main] StepDef - user can view dashboard test passed.
[INFO ] 2022-06-30 16:06:02.313 [main] StepDef - customer menu clicked
[INFO ] 2022-06-30 16:06:08.215 [main] StepDef - customer menu item clicked
[INFO ] 2022-06-30 16:06:10.342 [main] StepDef - Email address entered
[INFO ] 2022-06-30 16:06:10.413 [main] StepDef - Clicked on search button.
[INFO ] 2022-06-30 16:06:12.464 [main] StepDef - User should found Email in the Search table - passed
[INFO ] 2022-06-30 16:06:12.577 [main] StepDef - Browser closed
[FATAL] 2022-06-30 16:06:13.507 [main] StepDef - Setup1 executed...
[INFO ] 2022-06-30 16:06:13.510 [main] StepDef - chrome browser launched
[INFO ] 2022-06-30 16:06:16.109 [main] StepDef - url opened
[INFO ] 2022-06-30 16:06:16.346 [main] StepDef - email address and password entered
[INFO ] 2022-06-30 16:06:20.857 [main] StepDef - Clicked on login button
[INFO ] 2022-06-30 16:06:20.864 [main] StepDef - user can view dashboard test passed.
[INFO ] 2022-06-30 16:06:20.966 [main] StepDef - customer menu clicked
[INFO ] 2022-06-30 16:06:25.245 [main] StepDef - customer menu item clicked
[INFO ] 2022-06-30 16:06:27.466 [main] StepDef - Clicked on search button.
[INFO ] 2022-06-30 16:06:29.609 [main] StepDef - Browser closed
[FATAL] 2022-06-30 16:40:34.005 [main] StepDef - Setup1 executed...
[INFO ] 2022-06-30 16:40:34.057 [main] StepDef - chrome browser launched
[INFO ] 2022-06-30 16:40:36.493 [main] StepDef - url opened
[INFO ] 2022-06-30 16:40:36.752 [main] StepDef - email address and password entered
[INFO ] 2022-06-30 16:40:40.929 [main] StepDef - Clicked on login button
[WARN ] 2022-06-30 16:40:40.936 [main] StepDef - Test passed: Login feature :Page title matched.
[INFO ] 2022-06-30 16:40:43.005 [main] StepDef - user clicked on logout link.
[WARN ] 2022-06-30 16:40:43.012 [main] StepDef - Test passed: Login feature :Page title matched.
[INFO ] 2022-06-30 16:40:43.141 [main] StepDef - Browser closed
[FATAL] 2022-06-30 16:40:44.269 [main] StepDef - Setup1 executed...
[INFO ] 2022-06-30 16:40:44.275 [main] StepDef - chrome browser launched
[INFO ] 2022-06-30 16:40:50.968 [main] StepDef - url opened
[INFO ] 2022-06-30 16:40:51.164 [main] StepDef - email address and password entered
[INFO ] 2022-06-30 16:40:57.335 [main] StepDef - Clicked on login button
[WARN ] 2022-06-30 16:40:57.343 [main] StepDef - Test passed: Login feature :Page title matched.
[INFO ] 2022-06-30 16:40:59.372 [main] StepDef - user clicked on logout link.
[WARN ] 2022-06-30 16:40:59.378 [main] StepDef - Test passed: Login feature :Page title matched.
[INFO ] 2022-06-30 16:40:59.453 [main] StepDef - Browser closed
[FATAL] 2022-06-30 16:41:17.209 [main] StepDef - Setup1 executed...
[INFO ] 2022-06-30 16:41:17.268 [main] StepDef - chrome browser launched
[INFO ] 2022-06-30 16:41:20.036 [main] StepDef - url opened
[INFO ] 2022-06-30 16:41:20.328 [main] StepDef - email address and password entered
[INFO ] 2022-06-30 16:41:24.520 [main] StepDef - Clicked on login button
[INFO ] 2022-06-30 16:41:24.527 [main] StepDef - user can view dashboard test passed.
[INFO ] 2022-06-30 16:41:24.669 [main] StepDef - customer menu clicked
[INFO ] 2022-06-30 16:41:27.576 [main] StepDef - customer menu item clicked
[INFO ] 2022-06-30 16:41:31.097 [main] StepDef - clicked on add new button.
[INFO ] 2022-06-30 16:41:31.102 [main] StepDef - User can view Add new customer page- passed
[INFO ] 2022-06-30 16:41:31.843 [main] StepDef - customer information entered
[INFO ] 2022-06-30 16:41:34.548 [main] StepDef - clicked on save button
[INFO ] 2022-06-30 16:41:35.154 [main] StepDef - User can view confirmation message - passed
[INFO ] 2022-06-30 16:41:35.267 [main] StepDef - Browser closed
[FATAL] 2022-06-30 16:41:36.380 [main] StepDef - Setup1 executed...
[INFO ] 2022-06-30 16:41:36.382 [main] StepDef - chrome browser launched
[INFO ] 2022-06-30 16:41:37.801 [main] StepDef - url opened
[INFO ] 2022-06-30 16:41:38.098 [main] StepDef - email address and password entered
[INFO ] 2022-06-30 16:41:42.167 [main] StepDef - Clicked on login button
[INFO ] 2022-06-30 16:41:42.174 [main] StepDef - user can view dashboard test passed.
[INFO ] 2022-06-30 16:41:42.265 [main] StepDef - customer menu clicked
[INFO ] 2022-06-30 16:41:45.854 [main] StepDef - customer menu item clicked
[INFO ] 2022-06-30 16:41:47.940 [main] StepDef - Email address entered
[INFO ] 2022-06-30 16:41:48.000 [main] StepDef - Clicked on search button.
[INFO ] 2022-06-30 16:41:50.049 [main] StepDef - User should found Email in the Search table - passed
[INFO ] 2022-06-30 16:41:50.141 [main] StepDef - Browser closed
[FATAL] 2022-06-30 16:41:51.371 [main] StepDef - Setup1 executed...
[INFO ] 2022-06-30 16:41:51.374 [main] StepDef - chrome browser launched
[INFO ] 2022-06-30 16:41:52.544 [main] StepDef - url opened
[INFO ] 2022-06-30 16:41:52.931 [main] StepDef - email address and password entered
[INFO ] 2022-06-30 16:41:56.060 [main] StepDef - Clicked on login button
[INFO ] 2022-06-30 16:41:56.068 [main] StepDef - user can view dashboard test passed.
[INFO ] 2022-06-30 16:41:56.155 [main] StepDef - customer menu clicked
[INFO ] 2022-06-30 16:41:59.617 [main] StepDef - customer menu item clicked
[INFO ] 2022-06-30 16:42:01.820 [main] StepDef - Clicked on search button.
[INFO ] 2022-06-30 16:42:03.946 [main] StepDef - Browser closed
[FATAL] 2022-06-30 16:45:42.483 [main] StepDef - Setup1 executed...
[INFO ] 2022-06-30 16:45:42.521 [main] StepDef - chrome browser launched
[INFO ] 2022-06-30 16:45:44.804 [main] StepDef - url opened
[INFO ] 2022-06-30 16:45:44.979 [main] StepDef - email address and password entered
[INFO ] 2022-06-30 16:45:49.245 [main] StepDef - Clicked on login button
[INFO ] 2022-06-30 16:45:49.253 [main] StepDef - user can view dashboard test passed.
[INFO ] 2022-06-30 16:45:49.315 [main] StepDef - customer menu clicked
[INFO ] 2022-06-30 16:45:52.790 [main] StepDef - customer menu item clicked
[INFO ] 2022-06-30 16:45:54.985 [main] StepDef - Clicked on search button.
[INFO ] 2022-06-30 16:45:57.121 [main] StepDef - Browser closed
[FATAL] 2022-06-30 16:45:58.250 [main] StepDef - Setup1 executed...
[INFO ] 2022-06-30 16:45:58.254 [main] StepDef - chrome browser launched
[INFO ] 2022-06-30 16:45:59.525 [main] StepDef - url opened
[INFO ] 2022-06-30 16:45:59.836 [main] StepDef - email address and password entered
[INFO ] 2022-06-30 16:46:04.236 [main] StepDef - Clicked on login button
[WARN ] 2022-06-30 16:46:04.242 [main] StepDef - Test passed: Login feature :Page title matched.
[INFO ] 2022-06-30 16:46:06.386 [main] StepDef - user clicked on logout link.
[WARN ] 2022-06-30 16:46:06.393 [main] StepDef - Test passed: Login feature :Page title matched.
[INFO ] 2022-06-30 16:46:06.467 [main] StepDef - Browser closed
[FATAL] 2022-07-11 12:19:07.791 [main] StepDef - Setup1 executed...
[INFO ] 2022-07-11 12:19:07.842 [main] StepDef - chrome browser launched
[INFO ] 2022-07-11 12:19:28.342 [main] StepDef - url opened
[INFO ] 2022-07-11 12:19:28.696 [main] StepDef - email address and password entered
[INFO ] 2022-07-11 12:19:35.203 [main] StepDef - Clicked on login button
[INFO ] 2022-07-11 12:19:35.215 [main] StepDef - user can view dashboard test passed.
[INFO ] 2022-07-11 12:19:35.328 [main] StepDef - customer menu clicked
[INFO ] 2022-07-11 12:19:54.651 [main] StepDef - customer menu item clicked
[INFO ] 2022-07-11 12:19:56.995 [main] StepDef - Clicked on search button.
[INFO ] 2022-07-11 12:19:59.357 [main] StepDef - Browser closed
[FATAL] 2022-07-11 12:20:02.200 [main] StepDef - Setup1 executed...
[INFO ] 2022-07-11 12:20:02.207 [main] StepDef - chrome browser launched
[INFO ] 2022-07-11 12:20:07.552 [main] StepDef - url opened
[INFO ] 2022-07-11 12:20:07.843 [main] StepDef - email address and password entered
[INFO ] 2022-07-11 12:20:12.540 [main] StepDef - Clicked on login button
[WARN ] 2022-07-11 12:20:12.551 [main] StepDef - Test passed: Login feature :Page title matched.
[FATAL] 2022-07-11 12:45:22.901 [main] StepDef - Setup1 executed...
[INFO ] 2022-07-11 12:45:22.972 [main] StepDef - chrome browser launched
[INFO ] 2022-07-11 12:45:57.783 [main] StepDef - url opened
[FATAL] 2022-07-11 12:46:00.636 [main] StepDef - Setup1 executed...
[INFO ] 2022-07-11 12:46:00.638 [main] StepDef - chrome browser launched
[INFO ] 2022-07-11 12:46:05.893 [main] StepDef - url opened
[INFO ] 2022-07-11 12:46:06.204 [main] StepDef - email address and password entered
[INFO ] 2022-07-11 12:46:10.395 [main] StepDef - Clicked on login button
[WARN ] 2022-07-11 12:46:10.407 [main] StepDef - Test passed: Login feature :Page title matched.
[FATAL] 2022-07-11 13:23:41.139 [main] StepDef - Setup1 executed...
[INFO ] 2022-07-11 13:23:41.186 [main] StepDef - chrome browser launched
[INFO ] 2022-07-11 13:24:02.499 [main] StepDef - url opened
[INFO ] 2022-07-11 13:24:02.877 [main] StepDef - email address and password entered
[INFO ] 2022-07-11 13:24:08.092 [main] StepDef - Clicked on login button
[INFO ] 2022-07-11 13:24:08.106 [main] StepDef - user can view dashboard test passed.
[FATAL] 2022-07-11 13:36:40.083 [main] StepDef - Setup1 executed...
[INFO ] 2022-07-11 13:36:40.152 [main] StepDef - chrome browser launched
[INFO ] 2022-07-11 13:37:15.928 [main] StepDef - url opened
[INFO ] 2022-07-11 13:37:16.227 [main] StepDef - email address and password entered
[INFO ] 2022-07-11 13:37:22.117 [main] StepDef - Clicked on login button
[INFO ] 2022-07-11 13:37:22.135 [main] StepDef - user can view dashboard test passed.
[INFO ] 2022-07-11 13:37:22.224 [main] StepDef - customer menu clicked
[INFO ] 2022-07-11 13:37:41.309 [main] StepDef - customer menu item clicked
[INFO ] 2022-07-11 13:37:45.103 [main] StepDef - clicked on add new button.
[INFO ] 2022-07-11 13:37:45.113 [main] StepDef - User can view Add new customer page- passed
[INFO ] 2022-07-11 13:37:46.200 [main] StepDef - customer information entered
[INFO ] 2022-07-11 13:37:48.335 [main] StepDef - clicked on save button
[INFO ] 2022-07-11 13:37:48.546 [main] StepDef - User can view confirmation message - passed
[INFO ] 2022-07-11 13:37:48.819 [main] StepDef - Browser closed
[FATAL] 2022-07-11 13:37:51.250 [main] StepDef - Setup1 executed...
[INFO ] 2022-07-11 13:37:51.254 [main] StepDef - chrome browser launched
[INFO ] 2022-07-11 13:37:56.588 [main] StepDef - url opened
[INFO ] 2022-07-11 13:37:56.922 [main] StepDef - email address and password entered
[INFO ] 2022-07-11 13:38:01.694 [main] StepDef - Clicked on login button
[INFO ] 2022-07-11 13:38:01.701 [main] StepDef - user can view dashboard test passed.
[INFO ] 2022-07-11 13:38:01.849 [main] StepDef - customer menu clicked
[INFO ] 2022-07-11 13:38:05.596 [main] StepDef - customer menu item clicked
[INFO ] 2022-07-11 13:38:07.829 [main] StepDef - Email address entered
[INFO ] 2022-07-11 13:38:07.912 [main] StepDef - Clicked on search button.
[INFO ] 2022-07-11 13:38:09.962 [main] StepDef - User should found Email in the Search table - passed
[INFO ] 2022-07-11 13:38:10.242 [main] StepDef - Browser closed
[FATAL] 2022-07-11 13:38:13.689 [main] StepDef - Setup1 executed...
[INFO ] 2022-07-11 13:38:13.712 [main] StepDef - chrome browser launched
[INFO ] 2022-07-11 13:38:18.760 [main] StepDef - url opened
[INFO ] 2022-07-11 13:38:19.057 [main] StepDef - email address and password entered
[INFO ] 2022-07-11 13:38:24.358 [main] StepDef - Clicked on login button
[INFO ] 2022-07-11 13:38:24.377 [main] StepDef - user can view dashboard test passed.
[INFO ] 2022-07-11 13:38:24.504 [main] StepDef - customer menu clicked
[INFO ] 2022-07-11 13:38:28.239 [main] StepDef - customer menu item clicked
[INFO ] 2022-07-11 13:38:30.570 [main] StepDef - Clicked on search button.
[INFO ] 2022-07-11 13:38:33.017 [main] StepDef - Browser closed
[FATAL] 2022-07-11 13:38:35.482 [main] StepDef - Setup1 executed...
[INFO ] 2022-07-11 13:38:35.489 [main] StepDef - chrome browser launched
[INFO ] 2022-07-11 13:38:40.638 [main] StepDef - url opened
[INFO ] 2022-07-11 13:38:40.914 [main] StepDef - email address and password entered
[INFO ] 2022-07-11 13:39:01.415 [main] StepDef - Clicked on login button
[WARN ] 2022-07-11 13:39:01.428 [main] StepDef - Test passed: Login feature :Page title matched.
[FATAL] 2022-07-11 13:39:05.439 [main] StepDef - Setup1 executed...
[INFO ] 2022-07-11 13:39:05.450 [main] StepDef - chrome browser launched
[INFO ] 2022-07-11 13:39:25.732 [main] StepDef - url opened
[INFO ] 2022-07-11 13:39:26.052 [main] StepDef - email address and password entered
[INFO ] 2022-07-11 13:39:30.385 [main] StepDef - Clicked on login button
[WARN ] 2022-07-11 13:39:30.393 [main] StepDef - Test passed: Login feature :Page title matched.
[INFO ] 2022-07-11 13:39:33.055 [main] StepDef - user clicked on logout link.
[WARN ] 2022-07-11 13:39:33.072 [main] StepDef - Test passed: Login feature :Page title matched.
[INFO ] 2022-07-11 13:39:33.339 [main] StepDef - Browser closed
[FATAL] 2022-07-11 13:41:24.738 [main] StepDef - Setup1 executed...
[INFO ] 2022-07-11 13:41:24.816 [main] StepDef - chrome browser launched
[INFO ] 2022-07-11 13:41:30.265 [main] StepDef - url opened
[INFO ] 2022-07-11 13:41:30.712 [main] StepDef - email address and password entered
[INFO ] 2022-07-11 13:41:34.595 [main] StepDef - Clicked on login button
[INFO ] 2022-07-11 13:41:34.607 [main] StepDef - user can view dashboard test passed.
[INFO ] 2022-07-11 13:41:34.729 [main] StepDef - customer menu clicked
[INFO ] 2022-07-11 13:41:38.513 [main] StepDef - customer menu item clicked
[INFO ] 2022-07-11 13:41:42.271 [main] StepDef - clicked on add new button.
[INFO ] 2022-07-11 13:41:42.307 [main] StepDef - User can view Add new customer page- passed
[INFO ] 2022-07-11 13:41:43.526 [main] StepDef - customer information entered
[INFO ] 2022-07-11 13:43:24.054 [main] StepDef - clicked on save button
[WARN ] 2022-07-11 13:43:24.120 [main] StepDef - User can view confirmation message - failed
[FATAL] 2022-07-11 13:43:27.123 [main] StepDef - Setup1 executed...
[INFO ] 2022-07-11 13:43:27.141 [main] StepDef - chrome browser launched
[INFO ] 2022-07-11 13:43:31.571 [main] StepDef - url opened
[INFO ] 2022-07-11 13:43:31.855 [main] StepDef - email address and password entered
[INFO ] 2022-07-11 13:43:51.357 [main] StepDef - Clicked on login button
[INFO ] 2022-07-11 13:43:51.366 [main] StepDef - user can view dashboard test passed.
[INFO ] 2022-07-11 13:43:51.474 [main] StepDef - customer menu clicked
[INFO ] 2022-07-11 13:43:56.623 [main] StepDef - customer menu item clicked
[INFO ] 2022-07-11 13:43:58.878 [main] StepDef - Email address entered
[INFO ] 2022-07-11 13:43:58.940 [main] StepDef - Clicked on search button.
[INFO ] 2022-07-11 13:44:01.330 [main] StepDef - User should found Email in the Search table - passed
[INFO ] 2022-07-11 13:44:01.628 [main] StepDef - Browser closed
[FATAL] 2022-07-11 13:44:04.071 [main] StepDef - Setup1 executed...
[INFO ] 2022-07-11 13:44:04.097 [main] StepDef - chrome browser launched
[INFO ] 2022-07-11 13:44:09.475 [main] StepDef - url opened
[INFO ] 2022-07-11 13:44:09.757 [main] StepDef - email address and password entered
[INFO ] 2022-07-11 13:44:29.356 [main] StepDef - Clicked on login button
[INFO ] 2022-07-11 13:44:29.370 [main] StepDef - user can view dashboard test passed.
[INFO ] 2022-07-11 13:44:29.481 [main] StepDef - customer menu clicked
[INFO ] 2022-07-11 13:44:34.154 [main] StepDef - customer menu item clicked
[INFO ] 2022-07-11 13:44:36.482 [main] StepDef - Clicked on search button.
[INFO ] 2022-07-11 13:44:38.847 [main] StepDef - Browser closed
[FATAL] 2022-07-11 13:44:42.403 [main] StepDef - Setup1 executed...
[INFO ] 2022-07-11 13:44:42.417 [main] StepDef - chrome browser launched
[INFO ] 2022-07-11 13:44:46.698 [main] StepDef - url opened
[INFO ] 2022-07-11 13:44:46.994 [main] StepDef - email address and password entered
[INFO ] 2022-07-11 13:45:01.473 [main] StepDef - Clicked on login button
[WARN ] 2022-07-11 13:45:01.490 [main] StepDef - Test passed: Login feature :Page title matched.
[FATAL] 2022-07-11 13:45:05.881 [main] StepDef - Setup1 executed...
[INFO ] 2022-07-11 13:45:05.883 [main] StepDef - chrome browser launched
[INFO ] 2022-07-11 13:45:26.539 [main] StepDef - url opened
[INFO ] 2022-07-11 13:45:26.842 [main] StepDef - email address and password entered
[INFO ] 2022-07-11 13:45:33.588 [main] StepDef - Clicked on login button
[WARN ] 2022-07-11 13:45:33.599 [main] StepDef - Test passed: Login feature :Page title matched.
[FATAL] 2022-07-11 13:56:17.785 [main] StepDef - Setup1 executed...
[INFO ] 2022-07-11 13:56:17.852 [main] StepDef - chrome browser launched
[INFO ] 2022-07-11 13:56:22.913 [main] StepDef - url opened
[INFO ] 2022-07-11 13:56:23.227 [main] StepDef - email address and password entered
[INFO ] 2022-07-11 13:56:42.770 [main] StepDef - Clicked on login button
[INFO ] 2022-07-11 13:56:42.780 [main] StepDef - user can view dashboard test passed.
[INFO ] 2022-07-11 13:56:42.915 [main] StepDef - customer menu clicked
[INFO ] 2022-07-11 13:56:48.196 [main] StepDef - customer menu item clicked
[INFO ] 2022-07-11 13:56:51.814 [main] StepDef - clicked on add new button.
[INFO ] 2022-07-11 13:56:51.848 [main] StepDef - User can view Add new customer page- passed
[INFO ] 2022-07-11 13:56:52.895 [main] StepDef - customer information entered
[INFO ] 2022-07-11 13:56:54.156 [main] StepDef - clicked on save button
[INFO ] 2022-07-11 13:56:54.811 [main] StepDef - User can view confirmation message - passed
[INFO ] 2022-07-11 13:56:55.109 [main] StepDef - Browser closed
[FATAL] 2022-07-11 13:56:57.561 [main] StepDef - Setup1 executed...
[INFO ] 2022-07-11 13:56:57.581 [main] StepDef - chrome browser launched
[INFO ] 2022-07-11 13:57:03.271 [main] StepDef - url opened
[INFO ] 2022-07-11 13:57:03.598 [main] StepDef - email address and password entered
[INFO ] 2022-07-11 13:57:07.805 [main] StepDef - Clicked on login button
[INFO ] 2022-07-11 13:57:07.821 [main] StepDef - user can view dashboard test passed.
[INFO ] 2022-07-11 13:57:07.974 [main] StepDef - customer menu clicked
[INFO ] 2022-07-11 13:57:11.667 [main] StepDef - customer menu item clicked
[INFO ] 2022-07-11 13:57:13.950 [main] StepDef - Email address entered
[INFO ] 2022-07-11 13:57:14.071 [main] StepDef - Clicked on search button.
[INFO ] 2022-07-11 13:57:16.132 [main] StepDef - User should found Email in the Search table - passed
[INFO ] 2022-07-11 13:57:16.454 [main] StepDef - Browser closed
[FATAL] 2022-07-11 13:57:18.949 [main] StepDef - Setup1 executed...
[INFO ] 2022-07-11 13:57:18.967 [main] StepDef - chrome browser launched
[INFO ] 2022-07-11 13:57:23.349 [main] StepDef - url opened
[INFO ] 2022-07-11 13:57:23.652 [main] StepDef - email address and password entered
[INFO ] 2022-07-11 13:58:23.465 [main] StepDef - Clicked on login button
[FATAL] 2022-07-11 13:58:26.471 [main] StepDef - Setup1 executed...
[INFO ] 2022-07-11 13:58:26.474 [main] StepDef - chrome browser launched
[INFO ] 2022-07-11 13:58:31.767 [main] StepDef - url opened
[INFO ] 2022-07-11 13:58:32.052 [main] StepDef - email address and password entered
[INFO ] 2022-07-11 13:58:36.179 [main] StepDef - Clicked on login button
[INFO ] 2022-07-11 13:58:36.190 [main] StepDef - user can view dashboard test passed.
[INFO ] 2022-07-11 13:58:36.222 [main] StepDef - Common statistics text present
[FATAL] 2022-07-11 13:58:39.387 [main] StepDef - Setup1 executed...
[INFO ] 2022-07-11 13:58:39.390 [main] StepDef - chrome browser launched
[INFO ] 2022-07-11 13:58:44.248 [main] StepDef - url opened
[INFO ] 2022-07-11 13:58:44.536 [main] StepDef - email address and password entered
[INFO ] 2022-07-11 13:58:49.146 [main] StepDef - Clicked on login button
[WARN ] 2022-07-11 13:58:49.158 [main] StepDef - Test passed: Login feature :Page title matched.
[INFO ] 2022-07-11 13:58:51.414 [main] StepDef - user clicked on logout link.
[WARN ] 2022-07-11 13:58:51.445 [main] StepDef - Test passed: Login feature :Page title matched.
[INFO ] 2022-07-11 13:58:51.725 [main] StepDef - Browser closed
[FATAL] 2022-07-11 13:58:54.267 [main] StepDef - Setup1 executed...
[INFO ] 2022-07-11 13:58:54.269 [main] StepDef - chrome browser launched
[INFO ] 2022-07-11 13:59:15.128 [main] StepDef - url opened
[INFO ] 2022-07-11 13:59:15.478 [main] StepDef - email address and password entered
[INFO ] 2022-07-11 13:59:20.920 [main] StepDef - Clicked on login button
[WARN ] 2022-07-11 13:59:20.935 [main] StepDef - Test passed: Login feature :Page title matched.
[INFO ] 2022-07-11 13:59:22.760 [main] StepDef - user clicked on logout link.
[WARN ] 2022-07-11 13:59:22.792 [main] StepDef - Test passed: Login feature :Page title matched.
[INFO ] 2022-07-11 13:59:23.056 [main] StepDef - Browser closed
[FATAL] 2022-07-11 14:04:22.453 [main] StepDef - Setup1 executed...
[INFO ] 2022-07-11 14:04:22.528 [main] StepDef - chrome browser launched
[INFO ] 2022-07-11 14:04:27.194 [main] StepDef - url opened
[INFO ] 2022-07-11 14:04:27.572 [main] StepDef - email address and password entered
[INFO ] 2022-07-11 14:04:33.234 [main] StepDef - Clicked on login button
[INFO ] 2022-07-11 14:04:33.252 [main] StepDef - user can view dashboard test passed.
[INFO ] 2022-07-11 14:04:33.419 [main] StepDef - customer menu clicked
[INFO ] 2022-07-11 14:04:37.352 [main] StepDef - customer menu item clicked
[INFO ] 2022-07-11 14:04:41.766 [main] StepDef - clicked on add new button.
[INFO ] 2022-07-11 14:04:41.780 [main] StepDef - User can view Add new customer page- passed
[INFO ] 2022-07-11 14:04:43.137 [main] StepDef - customer information entered
[INFO ] 2022-07-11 14:04:44.567 [main] StepDef - clicked on save button
[INFO ] 2022-07-11 14:04:45.340 [main] StepDef - User can view confirmation message - passed
[INFO ] 2022-07-11 14:04:45.729 [main] StepDef - Browser closed
[FATAL] 2022-07-11 14:04:48.397 [main] StepDef - Setup1 executed...
[INFO ] 2022-07-11 14:04:48.412 [main] StepDef - chrome browser launched
[INFO ] 2022-07-11 14:05:25.304 [main] StepDef - url opened
[INFO ] 2022-07-11 14:05:25.641 [main] StepDef - email address and password entered
[INFO ] 2022-07-11 14:05:31.806 [main] StepDef - Clicked on login button
[INFO ] 2022-07-11 14:05:31.822 [main] StepDef - user can view dashboard test passed.
[INFO ] 2022-07-11 14:05:31.980 [main] StepDef - customer menu clicked
[INFO ] 2022-07-11 14:05:37.089 [main] StepDef - customer menu item clicked
[INFO ] 2022-07-11 14:05:39.333 [main] StepDef - Email address entered
[INFO ] 2022-07-11 14:05:39.425 [main] StepDef - Clicked on search button.
[INFO ] 2022-07-11 14:05:41.508 [main] StepDef - User should found Email in the Search table - passed
[INFO ] 2022-07-11 14:05:41.867 [main] StepDef - Browser closed
[FATAL] 2022-07-11 14:05:44.620 [main] StepDef - Setup1 executed...
[INFO ] 2022-07-11 14:05:44.626 [main] StepDef - chrome browser launched
[INFO ] 2022-07-11 14:06:19.745 [main] StepDef - url opened
[FATAL] 2022-07-11 14:06:23.090 [main] StepDef - Setup1 executed...
[INFO ] 2022-07-11 14:06:23.108 [main] StepDef - chrome browser launched
[INFO ] 2022-07-11 14:06:58.130 [main] StepDef - url opened
[FATAL] 2022-07-11 14:07:02.149 [main] StepDef - Setup1 executed...
[INFO ] 2022-07-11 14:07:02.151 [main] StepDef - chrome browser launched
[INFO ] 2022-07-11 14:07:36.924 [main] StepDef - url opened
[FATAL] 2022-07-11 14:07:40.073 [main] StepDef - Setup1 executed...
[INFO ] 2022-07-11 14:07:40.075 [main] StepDef - chrome browser launched
[INFO ] 2022-07-11 14:07:45.054 [main] StepDef - url opened
[INFO ] 2022-07-11 14:07:45.389 [main] StepDef - email address and password entered
[INFO ] 2022-07-11 14:07:50.823 [main] StepDef - Clicked on login button
[WARN ] 2022-07-11 14:07:50.839 [main] StepDef - Test passed: Login feature :Page title matched.
[FATAL] 2022-07-11 14:09:09.526 [main] StepDef - Setup1 executed...
[INFO ] 2022-07-11 14:09:09.592 [main] StepDef - chrome browser launched
[INFO ] 2022-07-11 14:09:45.469 [main] StepDef - url opened
[FATAL] 2022-07-11 14:09:48.528 [main] StepDef - Setup1 executed...
[INFO ] 2022-07-11 14:09:48.542 [main] StepDef - chrome browser launched
[INFO ] 2022-07-11 14:09:53.625 [main] StepDef - url opened
[INFO ] 2022-07-11 14:09:53.921 [main] StepDef - email address and password entered
[INFO ] 2022-07-11 14:09:58.222 [main] StepDef - Clicked on login button
[INFO ] 2022-07-11 14:09:58.238 [main] StepDef - user can view dashboard test passed.
[INFO ] 2022-07-11 14:09:58.380 [main] StepDef - customer menu clicked
[INFO ] 2022-07-11 14:10:02.832 [main] StepDef - customer menu item clicked
[INFO ] 2022-07-11 14:10:05.026 [main] StepDef - Email address entered
[INFO ] 2022-07-11 14:10:05.115 [main] StepDef - Clicked on search button.
[INFO ] 2022-07-11 14:10:07.172 [main] StepDef - User should found Email in the Search table - passed
[INFO ] 2022-07-11 14:10:07.437 [main] StepDef - Browser closed
[FATAL] 2022-07-11 14:10:09.931 [main] StepDef - Setup1 executed...
[INFO ] 2022-07-11 14:10:09.939 [main] StepDef - chrome browser launched
[INFO ] 2022-07-11 14:10:15.300 [main] StepDef - url opened
[INFO ] 2022-07-11 14:10:15.677 [main] StepDef - email address and password entered
[INFO ] 2022-07-11 14:10:20.511 [main] StepDef - Clicked on login button
[INFO ] 2022-07-11 14:10:20.523 [main] StepDef - user can view dashboard test passed.
[INFO ] 2022-07-11 14:10:20.649 [main] StepDef - customer menu clicked
[INFO ] 2022-07-11 14:10:24.423 [main] StepDef - customer menu item clicked
[INFO ] 2022-07-11 14:10:26.928 [main] StepDef - Clicked on search button.
[INFO ] 2022-07-11 14:10:29.167 [main] StepDef - Browser closed
[FATAL] 2022-07-11 14:10:31.821 [main] StepDef - Setup1 executed...
[INFO ] 2022-07-11 14:10:31.824 [main] StepDef - chrome browser launched
[INFO ] 2022-07-11 14:10:37.116 [main] StepDef - url opened
[INFO ] 2022-07-11 14:10:37.398 [main] StepDef - email address and password entered
[INFO ] 2022-07-11 14:10:41.556 [main] StepDef - Clicked on login button
[INFO ] 2022-07-11 14:10:41.567 [main] StepDef - user can view dashboard test passed.
[INFO ] 2022-07-11 14:10:41.599 [main] StepDef - Common statistics text present
[FATAL] 2022-07-11 14:10:44.581 [main] StepDef - Setup1 executed...
[INFO ] 2022-07-11 14:10:44.584 [main] StepDef - chrome browser launched
[INFO ] 2022-07-11 14:10:49.804 [main] StepDef - url opened
[INFO ] 2022-07-11 14:10:50.094 [main] StepDef - email address and password entered
[INFO ] 2022-07-11 14:10:55.161 [main] StepDef - Clicked on login button
[WARN ] 2022-07-11 14:10:55.174 [main] StepDef - Test passed: Login feature :Page title matched.
[FATAL] 2022-07-11 14:10:59.274 [main] StepDef - Setup1 executed...
[INFO ] 2022-07-11 14:10:59.277 [main] StepDef - chrome browser launched
[INFO ] 2022-07-11 14:11:04.342 [main] StepDef - url opened
[INFO ] 2022-07-11 14:11:04.625 [main] StepDef - email address and password entered
[INFO ] 2022-07-11 14:11:08.841 [main] StepDef - Clicked on login button
[WARN ] 2022-07-11 14:11:08.853 [main] StepDef - Test passed: Login feature :Page title matched.
[FATAL] 2022-07-11 14:51:23.513 [main] StepDef - Setup1 executed...
[INFO ] 2022-07-11 14:51:23.596 [main] StepDef - chrome browser launched
[INFO ] 2022-07-11 14:51:44.371 [main] StepDef - url opened
[INFO ] 2022-07-11 14:51:44.720 [main] StepDef - email address and password entered
[INFO ] 2022-07-11 14:51:49.357 [main] StepDef - Clicked on login button
[INFO ] 2022-07-11 14:51:49.408 [main] StepDef - user can view dashboard test passed.
[INFO ] 2022-07-11 14:51:49.558 [main] StepDef - customer menu clicked
[INFO ] 2022-07-11 14:51:53.332 [main] StepDef - customer menu item clicked
[INFO ] 2022-07-11 14:51:57.058 [main] StepDef - clicked on add new button.
[INFO ] 2022-07-11 14:51:57.069 [main] StepDef - User can view Add new customer page- passed
[INFO ] 2022-07-11 14:51:58.190 [main] StepDef - customer information entered
[INFO ] 2022-07-11 14:52:00.087 [main] StepDef - clicked on save button
[INFO ] 2022-07-11 14:52:00.442 [main] StepDef - User can view confirmation message - passed
[INFO ] 2022-07-11 14:52:01.382 [main] StepDef - Browser closed
[FATAL] 2022-07-11 14:52:03.913 [main] StepDef - Setup1 executed...
[INFO ] 2022-07-11 14:52:03.940 [main] StepDef - chrome browser launched
[INFO ] 2022-07-11 14:52:25.067 [main] StepDef - url opened
[INFO ] 2022-07-11 14:52:25.366 [main] StepDef - email address and password entered
[INFO ] 2022-07-11 14:52:31.465 [main] StepDef - Clicked on login button
[INFO ] 2022-07-11 14:52:31.476 [main] StepDef - user can view dashboard test passed.
[INFO ] 2022-07-11 14:52:31.594 [main] StepDef - customer menu clicked
[INFO ] 2022-07-11 14:52:36.392 [main] StepDef - customer menu item clicked
[INFO ] 2022-07-11 14:52:38.613 [main] StepDef - Email address entered
[INFO ] 2022-07-11 14:52:38.691 [main] StepDef - Clicked on search button.
[INFO ] 2022-07-11 14:52:40.772 [main] StepDef - User should found Email in the Search table - passed
[INFO ] 2022-07-11 14:52:41.031 [main] StepDef - Browser closed
[FATAL] 2022-07-11 14:52:43.600 [main] StepDef - Setup1 executed...
[INFO ] 2022-07-11 14:52:43.607 [main] StepDef - chrome browser launched
[INFO ] 2022-07-11 14:53:03.590 [main] StepDef - url opened
[INFO ] 2022-07-11 14:53:03.903 [main] StepDef - email address and password entered
[INFO ] 2022-07-11 14:53:41.869 [main] StepDef - Clicked on login button
[INFO ] 2022-07-11 14:53:41.880 [main] StepDef - user can view dashboard test passed.
[INFO ] 2022-07-11 14:53:42.013 [main] StepDef - customer menu clicked
[INFO ] 2022-07-11 14:53:46.446 [main] StepDef - customer menu item clicked
[INFO ] 2022-07-11 14:53:48.782 [main] StepDef - Clicked on search button.
[INFO ] 2022-07-11 14:53:51.181 [main] StepDef - Browser closed
[FATAL] 2022-07-11 14:53:53.664 [main] StepDef - Setup1 executed...
[INFO ] 2022-07-11 14:53:53.680 [main] StepDef - chrome browser launched
[INFO ] 2022-07-11 14:54:29.963 [main] StepDef - url opened
[INFO ] 2022-07-11 14:54:30.239 [main] StepDef - email address and password entered
[INFO ] 2022-07-11 14:54:35.595 [main] StepDef - Clicked on login button
[INFO ] 2022-07-11 14:54:35.604 [main] StepDef - user can view dashboard test passed.
[INFO ] 2022-07-11 14:54:35.653 [main] StepDef - Common statistics text present
[INFO ] 2022-07-11 14:54:35.953 [main] StepDef - Common statistics tiles present
[INFO ] 2022-07-11 14:54:36.297 [main] StepDef - Browser closed
[FATAL] 2022-07-11 14:54:38.736 [main] StepDef - Setup1 executed...
[INFO ] 2022-07-11 14:54:38.741 [main] StepDef - chrome browser launched
[INFO ] 2022-07-11 14:54:59.275 [main] StepDef - url opened
[INFO ] 2022-07-11 14:54:59.556 [main] StepDef - email address and password entered
[INFO ] 2022-07-11 14:55:05.463 [main] StepDef - Clicked on login button
[WARN ] 2022-07-11 14:55:05.501 [main] StepDef - Test passed: Login feature :Page title matched.
[FATAL] 2022-07-11 14:55:09.616 [main] StepDef - Setup1 executed...
[INFO ] 2022-07-11 14:55:09.629 [main] StepDef - chrome browser launched
[INFO ] 2022-07-11 14:55:14.911 [main] StepDef - url opened
[INFO ] 2022-07-11 14:55:15.191 [main] StepDef - email address and password entered
[INFO ] 2022-07-11 14:55:19.303 [main] StepDef - Clicked on login button
[WARN ] 2022-07-11 14:55:19.313 [main] StepDef - Test passed: Login feature :Page title matched.
[FATAL] 2022-07-12 16:50:14.868 [main] StepDef - Setup1 executed...
[INFO ] 2022-07-12 16:50:14.955 [main] StepDef - chrome browser launched
[INFO ] 2022-07-12 16:50:33.228 [main] StepDef - url opened
[INFO ] 2022-07-12 16:50:33.564 [main] StepDef - email address and password entered
[INFO ] 2022-07-12 16:50:37.139 [main] StepDef - Clicked on login button
[INFO ] 2022-07-12 16:50:37.156 [main] StepDef - user can view dashboard test passed.
[INFO ] 2022-07-12 16:50:37.293 [main] StepDef - customer menu clicked
[INFO ] 2022-07-12 16:50:41.034 [main] StepDef - customer menu item clicked
[INFO ] 2022-07-12 16:50:44.869 [main] StepDef - clicked on add new button.
[INFO ] 2022-07-12 16:50:44.877 [main] StepDef - User can view Add new customer page- passed
[INFO ] 2022-07-12 16:50:46.206 [main] StepDef - customer information entered
[INFO ] 2022-07-12 16:50:48.076 [main] StepDef - clicked on save button
[INFO ] 2022-07-12 16:50:48.398 [main] StepDef - User can view confirmation message - passed
[INFO ] 2022-07-12 16:50:48.686 [main] StepDef - Browser closed
[FATAL] 2022-07-12 16:50:51.422 [main] StepDef - Setup1 executed...
[INFO ] 2022-07-12 16:50:51.437 [main] StepDef - chrome browser launched
[INFO ] 2022-07-12 16:51:23.918 [main] StepDef - url opened
[FATAL] 2022-07-12 16:51:27.056 [main] StepDef - Setup1 executed...
[INFO ] 2022-07-12 16:51:27.071 [main] StepDef - chrome browser launched
[INFO ] 2022-07-12 16:51:33.245 [main] StepDef - url opened
[INFO ] 2022-07-12 16:51:33.631 [main] StepDef - email address and password entered
[INFO ] 2022-07-12 16:51:37.808 [main] StepDef - Clicked on login button
[INFO ] 2022-07-12 16:51:37.858 [main] StepDef - user can view dashboard test passed.
[INFO ] 2022-07-12 16:51:37.975 [main] StepDef - customer menu clicked
[INFO ] 2022-07-12 16:51:41.904 [main] StepDef - customer menu item clicked
[INFO ] 2022-07-12 16:51:44.347 [main] StepDef - Clicked on search button.
[INFO ] 2022-07-12 16:51:46.724 [main] StepDef - Browser closed
[FATAL] 2022-07-12 16:51:49.343 [main] StepDef - Setup1 executed...
[INFO ] 2022-07-12 16:51:49.345 [main] StepDef - chrome browser launched
[INFO ] 2022-07-12 16:51:51.291 [main] StepDef - url opened
[INFO ] 2022-07-12 16:51:51.653 [main] StepDef - email address and password entered
[INFO ] 2022-07-12 16:53:25.001 [main] StepDef - Clicked on login button
[INFO ] 2022-07-12 16:53:25.014 [main] StepDef - user can view dashboard test passed.
[INFO ] 2022-07-12 16:53:25.055 [main] StepDef - Common statistics text present
[INFO ] 2022-07-12 16:53:25.399 [main] StepDef - Common statistics tiles present
[INFO ] 2022-07-12 16:53:25.733 [main] StepDef - Browser closed
[FATAL] 2022-07-12 16:53:28.234 [main] StepDef - Setup1 executed...
[INFO ] 2022-07-12 16:53:28.237 [main] StepDef - chrome browser launched
[INFO ] 2022-07-12 16:53:31.121 [main] StepDef - url opened
[INFO ] 2022-07-12 16:53:31.453 [main] StepDef - email address and password entered
[INFO ] 2022-07-12 16:53:36.333 [main] StepDef - Clicked on login button
[INFO ] 2022-07-12 16:53:36.350 [main] StepDef - user can view dashboard test passed.
[INFO ] 2022-07-12 16:53:36.419 [main] StepDef - ORDER text present
[INFO ] 2022-07-12 16:53:36.731 [main] StepDef - Orders Graph present
[INFO ] 2022-07-12 16:53:37.116 [main] StepDef - Browser closed
[FATAL] 2022-07-12 16:53:39.572 [main] StepDef - Setup1 executed...
[INFO ] 2022-07-12 16:53:39.574 [main] StepDef - chrome browser launched
[INFO ] 2022-07-12 16:53:58.696 [main] StepDef - url opened
[INFO ] 2022-07-12 16:53:59.050 [main] StepDef - email address and password entered
[INFO ] 2022-07-12 16:54:06.359 [main] StepDef - Clicked on login button
[INFO ] 2022-07-12 16:54:06.379 [main] StepDef - user can view dashboard test passed.
[FATAL] 2022-07-12 16:54:09.514 [main] StepDef - Setup1 executed...
[INFO ] 2022-07-12 16:54:09.517 [main] StepDef - chrome browser launched
[INFO ] 2022-07-12 16:54:12.512 [main] StepDef - url opened
[INFO ] 2022-07-12 16:54:12.828 [main] StepDef - email address and password entered
[INFO ] 2022-07-12 16:54:17.239 [main] StepDef - Clicked on login button
[WARN ] 2022-07-12 16:54:17.287 [main] StepDef - Test passed: Login feature :Page title matched.
[FATAL] 2022-07-12 16:54:21.459 [main] StepDef - Setup1 executed...
[INFO ] 2022-07-12 16:54:21.464 [main] StepDef - chrome browser launched
[INFO ] 2022-07-12 16:54:23.287 [main] StepDef - url opened
[INFO ] 2022-07-12 16:54:23.603 [main] StepDef - email address and password entered
[INFO ] 2022-07-12 16:54:27.091 [main] StepDef - Clicked on login button
[WARN ] 2022-07-12 16:54:27.148 [main] StepDef - Test passed: Login feature :Page title matched.
[FATAL] 2022-07-12 16:57:54.457 [main] StepDef - Setup1 executed...
[INFO ] 2022-07-12 16:57:54.524 [main] StepDef - chrome browser launched
[INFO ] 2022-07-12 16:57:57.416 [main] StepDef - url opened
[INFO ] 2022-07-12 16:57:57.739 [main] StepDef - email address and password entered
[INFO ] 2022-07-12 16:58:18.437 [main] StepDef - Clicked on login button
[INFO ] 2022-07-12 16:58:18.460 [main] StepDef - user can view dashboard test passed.
[INFO ] 2022-07-12 16:58:18.613 [main] StepDef - customer menu clicked
[INFO ] 2022-07-12 16:58:23.411 [main] StepDef - customer menu item clicked
[INFO ] 2022-07-12 16:58:27.422 [main] StepDef - clicked on add new button.
[INFO ] 2022-07-12 16:58:27.430 [main] StepDef - User can view Add new customer page- passed
[INFO ] 2022-07-12 16:58:28.708 [main] StepDef - customer information entered
[INFO ] 2022-07-12 17:00:27.133 [main] StepDef - clicked on save button
[INFO ] 2022-07-12 17:00:27.496 [main] StepDef - User can view confirmation message - passed
[INFO ] 2022-07-12 17:00:27.817 [main] StepDef - Browser closed
[FATAL] 2022-07-12 17:00:30.376 [main] StepDef - Setup1 executed...
[INFO ] 2022-07-12 17:00:30.387 [main] StepDef - chrome browser launched
[INFO ] 2022-07-12 17:01:19.172 [main] StepDef - url opened
[FATAL] 2022-07-12 17:01:22.172 [main] StepDef - Setup1 executed...
[INFO ] 2022-07-12 17:01:22.188 [main] StepDef - chrome browser launched
[INFO ] 2022-07-12 17:01:25.225 [main] StepDef - url opened
[INFO ] 2022-07-12 17:01:25.550 [main] StepDef - email address and password entered
[INFO ] 2022-07-12 17:01:45.584 [main] StepDef - Clicked on login button
[INFO ] 2022-07-12 17:01:45.599 [main] StepDef - user can view dashboard test passed.
[INFO ] 2022-07-12 17:01:45.785 [main] StepDef - customer menu clicked
[INFO ] 2022-07-12 17:01:51.161 [main] StepDef - customer menu item clicked
[INFO ] 2022-07-12 17:01:53.535 [main] StepDef - Clicked on search button.
[INFO ] 2022-07-12 17:01:55.895 [main] StepDef - Browser closed
[FATAL] 2022-07-12 17:01:59.983 [main] StepDef - Setup1 executed...
[INFO ] 2022-07-12 17:01:59.996 [main] StepDef - chrome browser launched
[INFO ] 2022-07-12 17:02:03.230 [main] StepDef - url opened
[INFO ] 2022-07-12 17:02:03.574 [main] StepDef - email address and password entered
[INFO ] 2022-07-12 17:02:07.587 [main] StepDef - Clicked on login button
[INFO ] 2022-07-12 17:02:07.638 [main] StepDef - user can view dashboard test passed.
[INFO ] 2022-07-12 17:02:07.678 [main] StepDef - Common statistics text present
[FATAL] 2022-07-12 17:02:10.748 [main] StepDef - Setup1 executed...
[INFO ] 2022-07-12 17:02:10.763 [main] StepDef - chrome browser launched
[INFO ] 2022-07-12 17:02:13.740 [main] StepDef - url opened
[INFO ] 2022-07-12 17:02:14.040 [main] StepDef - email address and password entered
[INFO ] 2022-07-12 17:02:33.769 [main] StepDef - Clicked on login button
[INFO ] 2022-07-12 17:02:33.787 [main] StepDef - user can view dashboard test passed.
[INFO ] 2022-07-12 17:02:33.851 [main] StepDef - ORDER text present
[FATAL] 2022-07-12 17:02:36.891 [main] StepDef - Setup1 executed...
[INFO ] 2022-07-12 17:02:36.899 [main] StepDef - chrome browser launched
[INFO ] 2022-07-12 17:02:56.080 [main] StepDef - url opened
[INFO ] 2022-07-12 17:02:56.419 [main] StepDef - email address and password entered
[INFO ] 2022-07-12 17:03:31.307 [main] StepDef - Clicked on login button
[INFO ] 2022-07-12 17:03:31.321 [main] StepDef - user can view dashboard test passed.
[FATAL] 2022-07-12 17:03:35.440 [main] StepDef - Setup1 executed...
[INFO ] 2022-07-12 17:03:35.457 [main] StepDef - chrome browser launched
[INFO ] 2022-07-12 17:03:54.050 [main] StepDef - url opened
[INFO ] 2022-07-12 17:03:54.415 [main] StepDef - email address and password entered
[INFO ] 2022-07-12 17:04:03.334 [main] StepDef - Clicked on login button
[WARN ] 2022-07-12 17:04:03.361 [main] StepDef - Test passed: Login feature :Page title matched.
[INFO ] 2022-07-12 17:04:05.381 [main] StepDef - user clicked on logout link.
[WARN ] 2022-07-12 17:04:05.396 [main] StepDef - Test passed: Login feature :Page title matched.
[INFO ] 2022-07-12 17:04:05.517 [main] StepDef - Browser closed
[FATAL] 2022-07-12 17:04:08.150 [main] StepDef - Setup1 executed...
[INFO ] 2022-07-12 17:04:08.152 [main] StepDef - chrome browser launched
[INFO ] 2022-07-12 17:04:10.281 [main] StepDef - url opened
[INFO ] 2022-07-12 17:04:10.597 [main] StepDef - email address and password entered
[INFO ] 2022-07-12 17:04:14.817 [main] StepDef - Clicked on login button
[WARN ] 2022-07-12 17:04:14.877 [main] StepDef - Test passed: Login feature :Page title matched.
[FATAL] 2022-07-12 17:05:20.180 [main] StepDef - Setup1 executed...
[INFO ] 2022-07-12 17:05:20.596 [main] StepDef - chrome browser launched
[INFO ] 2022-07-12 17:05:38.666 [main] StepDef - url opened
[INFO ] 2022-07-12 17:05:38.979 [main] StepDef - email address and password entered
[INFO ] 2022-07-12 17:05:46.248 [main] StepDef - Clicked on login button
[INFO ] 2022-07-12 17:05:46.288 [main] StepDef - user can view dashboard test passed.
[INFO ] 2022-07-12 17:05:46.503 [main] StepDef - customer menu clicked
[INFO ] 2022-07-12 17:05:51.844 [main] StepDef - customer menu item clicked
[INFO ] 2022-07-12 17:05:55.819 [main] StepDef - clicked on add new button.
[INFO ] 2022-07-12 17:05:55.830 [main] StepDef - User can view Add new customer page- passed
[INFO ] 2022-07-12 17:05:56.883 [main] StepDef - customer information entered
[INFO ] 2022-07-12 17:05:58.336 [main] StepDef - clicked on save button
[INFO ] 2022-07-12 17:05:58.989 [main] StepDef - User can view confirmation message - passed
[INFO ] 2022-07-12 17:05:59.343 [main] StepDef - Browser closed
[FATAL] 2022-07-12 17:06:02.596 [main] StepDef - Setup1 executed...
[INFO ] 2022-07-12 17:06:02.613 [main] StepDef - chrome browser launched
[INFO ] 2022-07-12 17:06:04.472 [main] StepDef - url opened
[INFO ] 2022-07-12 17:06:04.762 [main] StepDef - email address and password entered
[INFO ] 2022-07-12 17:06:08.949 [main] StepDef - Clicked on login button
[INFO ] 2022-07-12 17:06:08.960 [main] StepDef - user can view dashboard test passed.
[INFO ] 2022-07-12 17:06:09.103 [main] StepDef - customer menu clicked
[INFO ] 2022-07-12 17:06:12.771 [main] StepDef - customer menu item clicked
[INFO ] 2022-07-12 17:06:15.045 [main] StepDef - Email address entered
[INFO ] 2022-07-12 17:06:15.194 [main] StepDef - Clicked on search button.
[INFO ] 2022-07-12 17:06:17.257 [main] StepDef - User should found Email in the Search table - passed
[INFO ] 2022-07-12 17:06:17.562 [main] StepDef - Browser closed
[FATAL] 2022-07-12 17:06:20.830 [main] StepDef - Setup1 executed...
[INFO ] 2022-07-12 17:06:20.833 [main] StepDef - chrome browser launched
[INFO ] 2022-07-12 17:06:22.879 [main] StepDef - url opened
[INFO ] 2022-07-12 17:06:23.169 [main] StepDef - email address and password entered
[INFO ] 2022-07-12 17:06:27.502 [main] StepDef - Clicked on login button
[INFO ] 2022-07-12 17:06:27.518 [main] StepDef - user can view dashboard test passed.
[INFO ] 2022-07-12 17:06:27.684 [main] StepDef - customer menu clicked
[INFO ] 2022-07-12 17:06:31.329 [main] StepDef - customer menu item clicked
[INFO ] 2022-07-12 17:06:33.671 [main] StepDef - Clicked on search button.
[INFO ] 2022-07-12 17:06:36.038 [main] StepDef - Browser closed
[FATAL] 2022-07-12 17:06:39.779 [main] StepDef - Setup1 executed...
[INFO ] 2022-07-12 17:06:39.781 [main] StepDef - chrome browser launched
[INFO ] 2022-07-12 17:06:42.682 [main] StepDef - url opened
[INFO ] 2022-07-12 17:06:42.971 [main] StepDef - email address and password entered
[INFO ] 2022-07-12 17:06:47.405 [main] StepDef - Clicked on login button
[INFO ] 2022-07-12 17:06:47.426 [main] StepDef - user can view dashboard test passed.
[INFO ] 2022-07-12 17:06:47.463 [main] StepDef - Common statistics text present
[FATAL] 2022-07-12 17:06:50.758 [main] StepDef - Setup1 executed...
[INFO ] 2022-07-12 17:06:50.764 [main] StepDef - chrome browser launched
[INFO ] 2022-07-12 17:06:53.259 [main] StepDef - url opened
[INFO ] 2022-07-12 17:06:53.554 [main] StepDef - email address and password entered
[INFO ] 2022-07-12 17:06:58.457 [main] StepDef - Clicked on login button
[INFO ] 2022-07-12 17:06:58.472 [main] StepDef - user can view dashboard test passed.
[INFO ] 2022-07-12 17:06:58.520 [main] StepDef - ORDER text present
[FATAL] 2022-07-12 17:07:02.402 [main] StepDef - Setup1 executed...
[INFO ] 2022-07-12 17:07:02.416 [main] StepDef - chrome browser launched
[INFO ] 2022-07-12 17:07:14.052 [main] StepDef - url opened
[INFO ] 2022-07-12 17:07:14.337 [main] StepDef - email address and password entered
[INFO ] 2022-07-12 17:07:19.751 [main] StepDef - Clicked on login button
[INFO ] 2022-07-12 17:07:19.757 [main] StepDef - user can view dashboard test passed.
[FATAL] 2022-07-12 17:07:23.263 [main] StepDef - Setup1 executed...
[INFO ] 2022-07-12 17:07:23.289 [main] StepDef - chrome browser launched
[INFO ] 2022-07-12 17:07:26.165 [main] StepDef - url opened
[INFO ] 2022-07-12 17:07:26.464 [main] StepDef - email address and password entered
[INFO ] 2022-07-12 17:07:46.076 [main] StepDef - Clicked on login button
[WARN ] 2022-07-12 17:07:46.083 [main] StepDef - Test passed: Login feature :Page title matched.
[INFO ] 2022-07-12 17:07:49.272 [main] StepDef - user clicked on logout link.
[WARN ] 2022-07-12 17:07:49.279 [main] StepDef - Test passed: Login feature :Page title matched.
[INFO ] 2022-07-12 17:07:49.622 [main] StepDef - Browser closed
[FATAL] 2022-07-12 17:07:52.206 [main] StepDef - Setup1 executed...
[INFO ] 2022-07-12 17:07:52.208 [main] StepDef - chrome browser launched
[INFO ] 2022-07-12 17:07:55.075 [main] StepDef - url opened
[INFO ] 2022-07-12 17:07:55.365 [main] StepDef - email address and password entered
[INFO ] 2022-07-12 17:07:59.626 [main] StepDef - Clicked on login button
[WARN ] 2022-07-12 17:07:59.635 [main] StepDef - Test passed: Login feature :Page title matched.
[FATAL] 2022-07-12 17:15:26.637 [main] StepDef - Setup1 executed...
[INFO ] 2022-07-12 17:15:26.772 [main] StepDef - chrome browser launched
[INFO ] 2022-07-12 17:15:28.418 [main] StepDef - url opened
[INFO ] 2022-07-12 17:15:28.881 [main] StepDef - email address and password entered
[INFO ] 2022-07-12 17:15:49.184 [main] StepDef - Clicked on login button
[INFO ] 2022-07-12 17:15:49.226 [main] StepDef - user can view dashboard test passed.
[INFO ] 2022-07-12 17:15:49.334 [main] StepDef - customer menu clicked
[INFO ] 2022-07-12 17:15:54.510 [main] StepDef - customer menu item clicked
[INFO ] 2022-07-12 17:17:36.008 [main] StepDef - clicked on add new button.
[INFO ] 2022-07-12 17:17:36.024 [main] StepDef - User can view Add new customer page- passed
[INFO ] 2022-07-12 17:17:37.002 [main] StepDef - customer information entered
[INFO ] 2022-07-12 17:17:37.835 [main] StepDef - clicked on save button
[WARN ] 2022-07-12 17:17:37.892 [main] StepDef - User can view confirmation message - failed
[FATAL] 2022-07-12 17:17:40.603 [main] StepDef - Setup1 executed...
[INFO ] 2022-07-12 17:17:40.640 [main] StepDef - chrome browser launched
[INFO ] 2022-07-12 17:18:13.070 [main] StepDef - url opened
[FATAL] 2022-07-12 17:18:16.171 [main] StepDef - Setup1 executed...
[INFO ] 2022-07-12 17:18:16.173 [main] StepDef - chrome browser launched
[INFO ] 2022-07-12 17:18:35.247 [main] StepDef - url opened
[INFO ] 2022-07-12 17:18:35.991 [main] StepDef - email address and password entered
[INFO ] 2022-07-12 17:18:42.720 [main] StepDef - Clicked on login button
[INFO ] 2022-07-12 17:18:42.775 [main] StepDef - user can view dashboard test passed.
[INFO ] 2022-07-12 17:18:43.125 [main] StepDef - customer menu clicked
[INFO ] 2022-07-12 17:18:48.973 [main] StepDef - customer menu item clicked
[INFO ] 2022-07-12 17:18:51.640 [main] StepDef - Clicked on search button.
[INFO ] 2022-07-12 17:18:54.275 [main] StepDef - Browser closed
[FATAL] 2022-07-12 17:18:58.139 [main] StepDef - Setup1 executed...
[INFO ] 2022-07-12 17:18:58.156 [main] StepDef - chrome browser launched
[INFO ] 2022-07-12 17:19:16.099 [main] StepDef - url opened
[INFO ] 2022-07-12 17:19:17.119 [main] StepDef - email address and password entered
[FATAL] 2022-07-12 17:19:36.195 [main] StepDef - Setup1 executed...
[INFO ] 2022-07-12 17:19:36.330 [main] StepDef - chrome browser launched
[INFO ] 2022-07-12 17:20:07.215 [main] StepDef - url opened
[INFO ] 2022-07-12 17:20:07.587 [main] StepDef - email address and password entered
[INFO ] 2022-07-12 17:20:11.155 [main] StepDef - Clicked on login button
[INFO ] 2022-07-12 17:20:11.175 [main] StepDef - user can view dashboard test passed.
[INFO ] 2022-07-12 17:20:11.328 [main] StepDef - customer menu clicked
[INFO ] 2022-07-12 17:20:15.188 [main] StepDef - customer menu item clicked
[INFO ] 2022-07-12 17:20:21.016 [main] StepDef - clicked on add new button.
[INFO ] 2022-07-12 17:20:21.033 [main] StepDef - User can view Add new customer page- passed
[INFO ] 2022-07-12 17:20:22.432 [main] StepDef - customer information entered
[INFO ] 2022-07-12 17:20:25.151 [main] StepDef - clicked on save button
[INFO ] 2022-07-12 17:20:25.408 [main] StepDef - User can view confirmation message - passed
[INFO ] 2022-07-12 17:20:25.819 [main] StepDef - Browser closed
[FATAL] 2022-07-12 17:20:28.592 [main] StepDef - Setup1 executed...
[INFO ] 2022-07-12 17:20:28.596 [main] StepDef - chrome browser launched
[INFO ] 2022-07-12 17:20:45.831 [main] StepDef - url opened
[INFO ] 2022-07-12 17:20:46.186 [main] StepDef - email address and password entered
[INFO ] 2022-07-12 17:20:50.957 [main] StepDef - Clicked on login button
[INFO ] 2022-07-12 17:20:50.964 [main] StepDef - user can view dashboard test passed.
[INFO ] 2022-07-12 17:20:51.125 [main] StepDef - customer menu clicked
[INFO ] 2022-07-12 17:20:55.040 [main] StepDef - customer menu item clicked
[INFO ] 2022-07-12 17:20:57.274 [main] StepDef - Email address entered
[INFO ] 2022-07-12 17:20:57.355 [main] StepDef - Clicked on search button.
[INFO ] 2022-07-12 17:20:59.428 [main] StepDef - User should found Email in the Search table - passed
[INFO ] 2022-07-12 17:20:59.763 [main] StepDef - Browser closed
[FATAL] 2022-07-12 17:21:03.157 [main] StepDef - Setup1 executed...
[INFO ] 2022-07-12 17:21:03.159 [main] StepDef - chrome browser launched
[INFO ] 2022-07-12 17:21:20.487 [main] StepDef - url opened
[INFO ] 2022-07-12 17:21:20.895 [main] StepDef - email address and password entered
[INFO ] 2022-07-12 17:21:25.655 [main] StepDef - Clicked on login button
[INFO ] 2022-07-12 17:21:25.686 [main] StepDef - user can view dashboard test passed.
[INFO ] 2022-07-12 17:21:25.872 [main] StepDef - customer menu clicked
[INFO ] 2022-07-12 17:21:29.729 [main] StepDef - customer menu item clicked
[INFO ] 2022-07-12 17:21:32.098 [main] StepDef - Clicked on search button.
[INFO ] 2022-07-12 17:21:34.497 [main] StepDef - Browser closed
[FATAL] 2022-07-12 17:21:37.235 [main] StepDef - Setup1 executed...
[INFO ] 2022-07-12 17:21:37.239 [main] StepDef - chrome browser launched
[INFO ] 2022-07-12 17:21:39.316 [main] StepDef - url opened
[INFO ] 2022-07-12 17:21:39.647 [main] StepDef - email address and password entered
[INFO ] 2022-07-12 17:21:44.714 [main] StepDef - Clicked on login button
[INFO ] 2022-07-12 17:21:44.733 [main] StepDef - user can view dashboard test passed.
[INFO ] 2022-07-12 17:21:44.798 [main] StepDef - Common statistics text present
[INFO ] 2022-07-12 17:21:45.179 [main] StepDef - Common statistics tiles present
[INFO ] 2022-07-12 17:21:45.579 [main] StepDef - Browser closed
[FATAL] 2022-07-12 17:21:48.202 [main] StepDef - Setup1 executed...
[INFO ] 2022-07-12 17:21:48.214 [main] StepDef - chrome browser launched
[INFO ] 2022-07-12 17:21:50.997 [main] StepDef - url opened
[INFO ] 2022-07-12 17:21:51.349 [main] StepDef - email address and password entered
[INFO ] 2022-07-12 17:22:13.330 [main] StepDef - Clicked on login button
[INFO ] 2022-07-12 17:22:13.354 [main] StepDef - user can view dashboard test passed.
[INFO ] 2022-07-12 17:22:13.443 [main] StepDef - ORDER text present
[INFO ] 2022-07-12 17:22:13.887 [main] StepDef - Orders Graph present
[INFO ] 2022-07-12 17:22:14.309 [main] StepDef - Browser closed
[FATAL] 2022-07-12 17:22:16.981 [main] StepDef - Setup1 executed...
[INFO ] 2022-07-12 17:22:16.993 [main] StepDef - chrome browser launched
[INFO ] 2022-07-12 17:22:19.251 [main] StepDef - url opened
[INFO ] 2022-07-12 17:22:19.575 [main] StepDef - email address and password entered
[INFO ] 2022-07-12 17:22:23.139 [main] StepDef - Clicked on login button
[INFO ] 2022-07-12 17:22:23.156 [main] StepDef - user can view dashboard test passed.
[FATAL] 2022-07-12 17:22:27.116 [main] StepDef - Setup1 executed...
[INFO ] 2022-07-12 17:22:27.118 [main] StepDef - chrome browser launched
[INFO ] 2022-07-12 17:22:29.290 [main] StepDef - url opened
[INFO ] 2022-07-12 17:22:29.631 [main] StepDef - email address and password entered
[INFO ] 2022-07-12 17:24:14.298 [main] StepDef - Clicked on login button
[WARN ] 2022-07-12 17:24:14.509 [main] StepDef - Test passed: Login feature :Page title matched.
[FATAL] 2022-07-12 17:24:20.545 [main] StepDef - Setup1 executed...
[INFO ] 2022-07-12 17:24:20.547 [main] StepDef - chrome browser launched
[INFO ] 2022-07-12 17:24:23.571 [main] StepDef - url opened
[INFO ] 2022-07-12 17:24:24.312 [main] StepDef - email address and password entered
[INFO ] 2022-07-12 17:24:30.907 [main] StepDef - Clicked on login button
[WARN ] 2022-07-12 17:24:31.283 [main] StepDef - Test passed: Login feature :Page title matched.
[FATAL] 2022-07-21 10:32:23.064 [main] StepDef - Setup1 executed...
[INFO ] 2022-07-21 10:32:23.616 [main] StepDef - chrome browser launched
[INFO ] 2022-07-21 10:32:25.593 [main] StepDef - url opened
[INFO ] 2022-07-21 10:32:25.857 [main] StepDef - email address and password entered
[INFO ] 2022-07-21 10:32:30.108 [main] StepDef - Clicked on login button
[INFO ] 2022-07-21 10:32:30.118 [main] StepDef - user can view dashboard test passed.
[INFO ] 2022-07-21 10:32:30.195 [main] StepDef - customer menu clicked
[INFO ] 2022-07-21 10:32:33.772 [main] StepDef - customer menu item clicked
[INFO ] 2022-07-21 10:32:37.378 [main] StepDef - clicked on add new button.
[INFO ] 2022-07-21 10:32:37.398 [main] StepDef - User can view Add new customer page- passed
[INFO ] 2022-07-21 10:32:38.425 [main] StepDef - customer information entered
[INFO ] 2022-07-21 10:32:40.711 [main] StepDef - clicked on save button
[INFO ] 2022-07-21 10:32:40.989 [main] StepDef - User can view confirmation message - passed
[INFO ] 2022-07-21 10:32:45.152 [main] StepDef - Browser closed
[FATAL] 2022-07-21 10:32:47.472 [main] StepDef - Setup1 executed...
[INFO ] 2022-07-21 10:32:47.475 [main] StepDef - chrome browser launched
[INFO ] 2022-07-21 10:32:50.501 [main] StepDef - url opened
[INFO ] 2022-07-21 10:32:50.790 [main] StepDef - email address and password entered
[INFO ] 2022-07-21 10:32:55.023 [main] StepDef - Clicked on login button
[INFO ] 2022-07-21 10:32:55.037 [main] StepDef - user can view dashboard test passed.
[INFO ] 2022-07-21 10:32:55.229 [main] StepDef - customer menu clicked
[INFO ] 2022-07-21 10:32:59.137 [main] StepDef - customer menu item clicked
[INFO ] 2022-07-21 10:33:01.332 [main] StepDef - Email address entered
[INFO ] 2022-07-21 10:33:01.416 [main] StepDef - Clicked on search button.
[INFO ] 2022-07-21 10:33:03.480 [main] StepDef - User should found Email in the Search table - passed
[INFO ] 2022-07-21 10:33:03.615 [main] StepDef - Browser closed
[FATAL] 2022-07-21 10:33:06.070 [main] StepDef - Setup1 executed...
[INFO ] 2022-07-21 10:33:06.078 [main] StepDef - chrome browser launched
[INFO ] 2022-07-21 10:33:07.898 [main] StepDef - url opened
[INFO ] 2022-07-21 10:33:08.148 [main] StepDef - email address and password entered
[INFO ] 2022-07-21 10:33:11.334 [main] StepDef - Clicked on login button
[INFO ] 2022-07-21 10:33:11.342 [main] StepDef - user can view dashboard test passed.
[INFO ] 2022-07-21 10:33:11.432 [main] StepDef - customer menu clicked
[INFO ] 2022-07-21 10:33:15.177 [main] StepDef - customer menu item clicked
[INFO ] 2022-07-21 10:33:17.484 [main] StepDef - Clicked on search button.
[INFO ] 2022-07-21 10:33:19.685 [main] StepDef - Browser closed
[FATAL] 2022-07-21 10:33:22.017 [main] StepDef - Setup1 executed...
[INFO ] 2022-07-21 10:33:22.020 [main] StepDef - chrome browser launched
[INFO ] 2022-07-21 10:33:25.001 [main] StepDef - url opened
[INFO ] 2022-07-21 10:33:25.269 [main] StepDef - email address and password entered
[INFO ] 2022-07-21 10:33:28.444 [main] StepDef - Clicked on login button
[INFO ] 2022-07-21 10:33:28.456 [main] StepDef - user can view dashboard test passed.
[INFO ] 2022-07-21 10:33:28.499 [main] StepDef - Common statistics text present
[INFO ] 2022-07-21 10:33:28.711 [main] StepDef - Common statistics tiles present
[INFO ] 2022-07-21 10:33:28.846 [main] StepDef - Browser closed
[FATAL] 2022-07-21 10:33:31.095 [main] StepDef - Setup1 executed...
[INFO ] 2022-07-21 10:33:31.098 [main] StepDef - chrome browser launched
[INFO ] 2022-07-21 10:33:33.956 [main] StepDef - url opened
[INFO ] 2022-07-21 10:33:34.191 [main] StepDef - email address and password entered
[INFO ] 2022-07-21 10:33:38.340 [main] StepDef - Clicked on login button
[INFO ] 2022-07-21 10:33:38.350 [main] StepDef - user can view dashboard test passed.
[INFO ] 2022-07-21 10:33:38.389 [main] StepDef - ORDER text present
[INFO ] 2022-07-21 10:33:38.608 [main] StepDef - Orders Graph present
[INFO ] 2022-07-21 10:33:38.728 [main] StepDef - Browser closed
[FATAL] 2022-07-21 10:33:40.963 [main] StepDef - Setup1 executed...
[INFO ] 2022-07-21 10:33:40.966 [main] StepDef - chrome browser launched
[INFO ] 2022-07-21 10:33:42.745 [main] StepDef - url opened
[INFO ] 2022-07-21 10:33:43.041 [main] StepDef - email address and password entered
[INFO ] 2022-07-21 10:33:47.927 [main] StepDef - Clicked on login button
[INFO ] 2022-07-21 10:33:47.940 [main] StepDef - user can view dashboard test passed.
[FATAL] 2022-07-21 10:33:51.028 [main] StepDef - Setup1 executed...
[INFO ] 2022-07-21 10:33:51.034 [main] StepDef - chrome browser launched
[INFO ] 2022-07-21 10:33:52.865 [main] StepDef - url opened
[INFO ] 2022-07-21 10:33:53.121 [main] StepDef - email address and password entered
[INFO ] 2022-07-21 10:33:56.668 [main] StepDef - Clicked on login button
[WARN ] 2022-07-21 10:33:56.682 [main] StepDef - Test passed: Login feature :Page title matched.
[INFO ] 2022-07-21 10:33:58.592 [main] StepDef - user clicked on logout link.
[WARN ] 2022-07-21 10:33:58.604 [main] StepDef - Test passed: Login feature :Page title matched.
[INFO ] 2022-07-21 10:33:58.686 [main] StepDef - Browser closed
[FATAL] 2022-07-21 10:34:01.125 [main] StepDef - Setup1 executed...
[INFO ] 2022-07-21 10:34:01.128 [main] StepDef - chrome browser launched
[INFO ] 2022-07-21 10:34:04.174 [main] StepDef - url opened
[INFO ] 2022-07-21 10:34:04.423 [main] StepDef - email address and password entered
[INFO ] 2022-07-21 10:34:08.583 [main] StepDef - Clicked on login button
[WARN ] 2022-07-21 10:34:08.603 [main] StepDef - Test passed: Login feature :Page title matched.
[INFO ] 2022-07-21 10:34:10.670 [main] StepDef - user clicked on logout link.
[WARN ] 2022-07-21 10:34:10.685 [main] StepDef - Test passed: Login feature :Page title matched.
[INFO ] 2022-07-21 10:34:10.838 [main] StepDef - Browser closed
[FATAL] 2022-07-30 11:44:23.815 [main] StepDef - Setup1 executed...
[INFO ] 2022-07-30 11:44:23.933 [main] StepDef - chrome browser launched
[INFO ] 2022-07-30 11:44:29.179 [main] StepDef - url opened
[INFO ] 2022-07-30 11:44:29.473 [main] StepDef - email address and password entered
[INFO ] 2022-07-30 11:44:35.501 [main] StepDef - Clicked on login button
[INFO ] 2022-07-30 11:44:35.512 [main] StepDef - user can view dashboard test passed.
[INFO ] 2022-07-30 11:44:35.633 [main] StepDef - customer menu clicked
[INFO ] 2022-07-30 11:44:43.118 [main] StepDef - customer menu item clicked
[INFO ] 2022-07-30 11:44:50.376 [main] StepDef - clicked on add new button.
[INFO ] 2022-07-30 11:44:50.401 [main] StepDef - User can view Add new customer page- passed
[INFO ] 2022-07-30 11:44:51.559 [main] StepDef - customer information entered
[INFO ] 2022-07-30 11:44:53.968 [main] StepDef - clicked on save button
[INFO ] 2022-07-30 11:44:54.305 [main] StepDef - User can view confirmation message - passed
[INFO ] 2022-07-30 11:44:54.604 [main] StepDef - Browser closed
[FATAL] 2022-07-30 11:44:57.165 [main] StepDef - Setup1 executed...
[INFO ] 2022-07-30 11:44:57.169 [main] StepDef - chrome browser launched
[INFO ] 2022-07-30 11:45:02.897 [main] StepDef - url opened
[INFO ] 2022-07-30 11:45:03.183 [main] StepDef - email address and password entered
[INFO ] 2022-07-30 11:45:09.770 [main] StepDef - Clicked on login button
[INFO ] 2022-07-30 11:45:09.778 [main] StepDef - user can view dashboard test passed.
[INFO ] 2022-07-30 11:45:09.922 [main] StepDef - customer menu clicked
[INFO ] 2022-07-30 11:45:16.945 [main] StepDef - customer menu item clicked
[INFO ] 2022-07-30 11:45:19.104 [main] StepDef - Email address entered
[INFO ] 2022-07-30 11:45:19.191 [main] StepDef - Clicked on search button.
[INFO ] 2022-07-30 11:45:21.252 [main] StepDef - User should found Email in the Search table - passed
[INFO ] 2022-07-30 11:45:21.542 [main] StepDef - Browser closed
[FATAL] 2022-07-30 11:45:24.092 [main] StepDef - Setup1 executed...
[INFO ] 2022-07-30 11:45:24.093 [main] StepDef - chrome browser launched
[INFO ] 2022-07-30 11:45:28.718 [main] StepDef - url opened
[INFO ] 2022-07-30 11:45:28.982 [main] StepDef - email address and password entered
[INFO ] 2022-07-30 11:45:34.032 [main] StepDef - Clicked on login button
[INFO ] 2022-07-30 11:45:34.040 [main] StepDef - user can view dashboard test passed.
[INFO ] 2022-07-30 11:45:34.185 [main] StepDef - customer menu clicked
[INFO ] 2022-07-30 11:45:38.373 [main] StepDef - customer menu item clicked
[INFO ] 2022-07-30 11:45:40.707 [main] StepDef - Clicked on search button.
[INFO ] 2022-07-30 11:45:42.960 [main] StepDef - Browser closed
[FATAL] 2022-07-30 11:45:45.384 [main] StepDef - Setup1 executed...
[INFO ] 2022-07-30 11:45:45.386 [main] StepDef - chrome browser launched
[INFO ] 2022-07-30 11:45:51.084 [main] StepDef - url opened
[INFO ] 2022-07-30 11:45:51.339 [main] StepDef - email address and password entered
[INFO ] 2022-07-30 11:45:57.041 [main] StepDef - Clicked on login button
[INFO ] 2022-07-30 11:45:57.056 [main] StepDef - user can view dashboard test passed.
[INFO ] 2022-07-30 11:45:57.113 [main] StepDef - Common statistics text present
[INFO ] 2022-07-30 11:45:57.348 [main] StepDef - Common statistics tiles present
[INFO ] 2022-07-30 11:45:57.650 [main] StepDef - Browser closed
[FATAL] 2022-07-30 11:46:00.065 [main] StepDef - Setup1 executed...
[INFO ] 2022-07-30 11:46:00.067 [main] StepDef - chrome browser launched
[INFO ] 2022-07-30 11:46:05.319 [main] StepDef - url opened
[INFO ] 2022-07-30 11:46:05.574 [main] StepDef - email address and password entered
[INFO ] 2022-07-30 11:46:11.926 [main] StepDef - Clicked on login button
[INFO ] 2022-07-30 11:46:11.934 [main] StepDef - user can view dashboard test passed.
[INFO ] 2022-07-30 11:46:11.978 [main] StepDef - ORDER text present
[INFO ] 2022-07-30 11:46:12.203 [main] StepDef - Orders Graph present
[INFO ] 2022-07-30 11:46:12.539 [main] StepDef - Browser closed
[FATAL] 2022-07-30 11:46:14.869 [main] StepDef - Setup1 executed...
[INFO ] 2022-07-30 11:46:14.880 [main] StepDef - chrome browser launched
[INFO ] 2022-07-30 11:46:19.487 [main] StepDef - url opened
[INFO ] 2022-07-30 11:46:19.734 [main] StepDef - email address and password entered
[INFO ] 2022-07-30 11:46:25.753 [main] StepDef - Clicked on login button
[INFO ] 2022-07-30 11:46:25.760 [main] StepDef - user can view dashboard test passed.
[FATAL] 2022-07-30 11:46:29.389 [main] StepDef - Setup1 executed...
[INFO ] 2022-07-30 11:46:29.392 [main] StepDef - chrome browser launched
[INFO ] 2022-07-30 11:46:34.220 [main] StepDef - url opened
[INFO ] 2022-07-30 11:46:34.485 [main] StepDef - email address and password entered
[INFO ] 2022-07-30 11:46:39.123 [main] StepDef - Clicked on login button
[WARN ] 2022-07-30 11:46:39.144 [main] StepDef - Test passed: Login feature :Page title matched.
[INFO ] 2022-07-30 11:46:40.818 [main] StepDef - user clicked on logout link.
[WARN ] 2022-07-30 11:46:40.830 [main] StepDef - Test passed: Login feature :Page title matched.
[INFO ] 2022-07-30 11:46:41.037 [main] StepDef - Browser closed
[FATAL] 2022-07-30 11:46:43.354 [main] StepDef - Setup1 executed...
[INFO ] 2022-07-30 11:46:43.356 [main] StepDef - chrome browser launched
[INFO ] 2022-07-30 11:46:48.443 [main] StepDef - url opened
[INFO ] 2022-07-30 11:46:48.679 [main] StepDef - email address and password entered
[INFO ] 2022-07-30 11:46:53.736 [main] StepDef - Clicked on login button
[WARN ] 2022-07-30 11:46:53.748 [main] StepDef - Test passed: Login feature :Page title matched.
[INFO ] 2022-07-30 11:46:55.764 [main] StepDef - user clicked on logout link.
[WARN ] 2022-07-30 11:46:55.780 [main] StepDef - Test passed: Login feature :Page title matched.
[INFO ] 2022-07-30 11:46:55.950 [main] StepDef - Browser closed
[FATAL] 2022-07-30 11:50:18.508 [TestNG-test=Test-1] StepDef - Setup1 executed...
[INFO ] 2022-07-30 11:50:18.577 [TestNG-test=Test-1] StepDef - chrome browser launched
[INFO ] 2022-07-30 11:50:23.955 [TestNG-test=Test-1] StepDef - url opened
[INFO ] 2022-07-30 11:50:24.213 [TestNG-test=Test-1] StepDef - email address and password entered
[INFO ] 2022-07-30 11:50:29.637 [TestNG-test=Test-1] StepDef - Clicked on login button
[INFO ] 2022-07-30 11:50:29.650 [TestNG-test=Test-1] StepDef - user can view dashboard test passed.
[INFO ] 2022-07-30 11:50:29.783 [TestNG-test=Test-1] StepDef - customer menu clicked
[FATAL] 2022-08-15 13:30:01.883 [TestNG-test=Surefire test-1] StepDef - Setup1 executed...
[INFO ] 2022-08-15 13:30:02.023 [TestNG-test=Surefire test-1] StepDef - chrome browser launched
[INFO ] 2022-08-15 13:30:04.565 [TestNG-test=Surefire test-1] StepDef - url opened
[INFO ] 2022-08-15 13:30:04.939 [TestNG-test=Surefire test-1] StepDef - email address and password entered
[INFO ] 2022-08-15 13:30:09.861 [TestNG-test=Surefire test-1] StepDef - Clicked on login button
[INFO ] 2022-08-15 13:30:09.934 [TestNG-test=Surefire test-1] StepDef - user can view dashboard test passed.
[INFO ] 2022-08-15 13:30:10.084 [TestNG-test=Surefire test-1] StepDef - customer menu clicked
[INFO ] 2022-08-15 13:30:15.704 [TestNG-test=Surefire test-1] StepDef - customer menu item clicked
[INFO ] 2022-08-15 13:30:19.913 [TestNG-test=Surefire test-1] StepDef - clicked on add new button.
[INFO ] 2022-08-15 13:30:19.923 [TestNG-test=Surefire test-1] StepDef - User can view Add new customer page- passed
[FATAL] 2022-08-15 13:30:24.921 [TestNG-test=Surefire test-1] StepDef - Setup1 executed...
[INFO ] 2022-08-15 13:30:24.929 [TestNG-test=Surefire test-1] StepDef - chrome browser launched
[INFO ] 2022-08-15 13:30:28.078 [TestNG-test=Surefire test-1] StepDef - url opened
[INFO ] 2022-08-15 13:30:28.443 [TestNG-test=Surefire test-1] StepDef - email address and password entered
[INFO ] 2022-08-15 13:30:32.513 [TestNG-test=Surefire test-1] StepDef - Clicked on login button
[INFO ] 2022-08-15 13:30:32.524 [TestNG-test=Surefire test-1] StepDef - user can view dashboard test passed.
[INFO ] 2022-08-15 13:30:32.630 [TestNG-test=Surefire test-1] StepDef - customer menu clicked
[INFO ] 2022-08-15 13:30:36.197 [TestNG-test=Surefire test-1] StepDef - customer menu item clicked
[INFO ] 2022-08-15 13:30:38.365 [TestNG-test=Surefire test-1] StepDef - Email address entered
[INFO ] 2022-08-15 13:30:38.428 [TestNG-test=Surefire test-1] StepDef - Clicked on search button.
[INFO ] 2022-08-15 13:30:40.466 [TestNG-test=Surefire test-1] StepDef - User should found Email in the Search table - passed
[INFO ] 2022-08-15 13:30:40.579 [TestNG-test=Surefire test-1] StepDef - Browser closed
[FATAL] 2022-08-15 13:30:43.639 [TestNG-test=Surefire test-1] StepDef - Setup1 executed...
[INFO ] 2022-08-15 13:30:43.641 [TestNG-test=Surefire test-1] StepDef - chrome browser launched
[INFO ] 2022-08-15 13:30:45.573 [TestNG-test=Surefire test-1] StepDef - url opened
[INFO ] 2022-08-15 13:30:45.806 [TestNG-test=Surefire test-1] StepDef - email address and password entered
[INFO ] 2022-08-15 13:30:49.963 [TestNG-test=Surefire test-1] StepDef - Clicked on login button
[INFO ] 2022-08-15 13:30:49.971 [TestNG-test=Surefire test-1] StepDef - user can view dashboard test passed.
[INFO ] 2022-08-15 13:30:50.040 [TestNG-test=Surefire test-1] StepDef - customer menu clicked
[INFO ] 2022-08-15 13:30:53.884 [TestNG-test=Surefire test-1] StepDef - customer menu item clicked
[INFO ] 2022-08-15 13:30:56.182 [TestNG-test=Surefire test-1] StepDef - Clicked on search button.
[INFO ] 2022-08-15 13:30:58.319 [TestNG-test=Surefire test-1] StepDef - Browser closed
[FATAL] 2022-08-15 13:30:59.889 [TestNG-test=Surefire test-1] StepDef - Setup1 executed...
[INFO ] 2022-08-15 13:30:59.892 [TestNG-test=Surefire test-1] StepDef - chrome browser launched
[INFO ] 2022-08-15 13:31:01.792 [TestNG-test=Surefire test-1] StepDef - url opened
[INFO ] 2022-08-15 13:31:02.007 [TestNG-test=Surefire test-1] StepDef - email address and password entered
[INFO ] 2022-08-15 13:31:05.983 [TestNG-test=Surefire test-1] StepDef - Clicked on login button
[INFO ] 2022-08-15 13:31:05.990 [TestNG-test=Surefire test-1] StepDef - user can view dashboard test passed.
[INFO ] 2022-08-15 13:31:06.039 [TestNG-test=Surefire test-1] StepDef - Common statistics text present
[INFO ] 2022-08-15 13:31:06.304 [TestNG-test=Surefire test-1] StepDef - Common statistics tiles present
[INFO ] 2022-08-15 13:31:06.457 [TestNG-test=Surefire test-1] StepDef - Browser closed
[FATAL] 2022-08-15 13:31:07.942 [TestNG-test=Surefire test-1] StepDef - Setup1 executed...
[INFO ] 2022-08-15 13:31:07.951 [TestNG-test=Surefire test-1] StepDef - chrome browser launched
[INFO ] 2022-08-15 13:31:10.889 [TestNG-test=Surefire test-1] StepDef - url opened
[INFO ] 2022-08-15 13:31:11.102 [TestNG-test=Surefire test-1] StepDef - email address and password entered
[INFO ] 2022-08-15 13:31:15.333 [TestNG-test=Surefire test-1] StepDef - Clicked on login button
[INFO ] 2022-08-15 13:31:15.339 [TestNG-test=Surefire test-1] StepDef - user can view dashboard test passed.
[INFO ] 2022-08-15 13:31:15.380 [TestNG-test=Surefire test-1] StepDef - ORDER text present
[INFO ] 2022-08-15 13:31:15.552 [TestNG-test=Surefire test-1] StepDef - Orders Graph present
[INFO ] 2022-08-15 13:31:18.007 [TestNG-test=Surefire test-1] StepDef - Browser closed
[FATAL] 2022-08-15 13:31:19.519 [TestNG-test=Surefire test-1] StepDef - Setup1 executed...
[INFO ] 2022-08-15 13:31:19.521 [TestNG-test=Surefire test-1] StepDef - chrome browser launched
[INFO ] 2022-08-15 13:31:22.513 [TestNG-test=Surefire test-1] StepDef - url opened
[INFO ] 2022-08-15 13:31:22.831 [TestNG-test=Surefire test-1] StepDef - email address and password entered
[INFO ] 2022-08-15 13:31:26.916 [TestNG-test=Surefire test-1] StepDef - Clicked on login button
[INFO ] 2022-08-15 13:31:26.922 [TestNG-test=Surefire test-1] StepDef - user can view dashboard test passed.
[FATAL] 2022-08-15 13:31:29.116 [TestNG-test=Surefire test-1] StepDef - Setup1 executed...
[INFO ] 2022-08-15 13:31:29.118 [TestNG-test=Surefire test-1] StepDef - chrome browser launched
[INFO ] 2022-08-15 13:31:30.898 [TestNG-test=Surefire test-1] StepDef - url opened
[INFO ] 2022-08-15 13:31:31.120 [TestNG-test=Surefire test-1] StepDef - email address and password entered
[INFO ] 2022-08-15 13:31:35.194 [TestNG-test=Surefire test-1] StepDef - Clicked on login button
[WARN ] 2022-08-15 13:31:35.199 [TestNG-test=Surefire test-1] StepDef - Test passed: Login feature :Page title matched.
[INFO ] 2022-08-15 13:31:37.089 [TestNG-test=Surefire test-1] StepDef - user clicked on logout link.
[WARN ] 2022-08-15 13:31:37.101 [TestNG-test=Surefire test-1] StepDef - Test passed: Login feature :Page title matched.
[INFO ] 2022-08-15 13:31:37.181 [TestNG-test=Surefire test-1] StepDef - Browser closed
[FATAL] 2022-08-15 13:31:38.744 [TestNG-test=Surefire test-1] StepDef - Setup1 executed...
[INFO ] 2022-08-15 13:31:38.745 [TestNG-test=Surefire test-1] StepDef - chrome browser launched
[INFO ] 2022-08-15 13:31:40.433 [TestNG-test=Surefire test-1] StepDef - url opened
[INFO ] 2022-08-15 13:31:40.656 [TestNG-test=Surefire test-1] StepDef - email address and password entered
[INFO ] 2022-08-15 13:31:44.763 [TestNG-test=Surefire test-1] StepDef - Clicked on login button
[WARN ] 2022-08-15 13:31:44.783 [TestNG-test=Surefire test-1] StepDef - Test passed: Login feature :Page title matched.
[INFO ] 2022-08-15 13:31:46.381 [TestNG-test=Surefire test-1] StepDef - user clicked on logout link.
[WARN ] 2022-08-15 13:31:46.393 [TestNG-test=Surefire test-1] StepDef - Test passed: Login feature :Page title matched.
[INFO ] 2022-08-15 13:31:46.608 [TestNG-test=Surefire test-1] StepDef - Browser closed
[FATAL] 2022-08-16 10:16:04.333 [TestNG-test=Surefire test-1] StepDef - Setup1 executed...
[INFO ] 2022-08-16 10:16:04.390 [TestNG-test=Surefire test-1] StepDef - chrome browser launched
[INFO ] 2022-08-16 10:16:09.850 [TestNG-test=Surefire test-1] StepDef - url opened
[INFO ] 2022-08-16 10:16:10.135 [TestNG-test=Surefire test-1] StepDef - email address and password entered
[INFO ] 2022-08-16 10:16:14.121 [TestNG-test=Surefire test-1] StepDef - Clicked on login button
[INFO ] 2022-08-16 10:16:14.132 [TestNG-test=Surefire test-1] StepDef - user can view dashboard test passed.
[INFO ] 2022-08-16 10:16:14.266 [TestNG-test=Surefire test-1] StepDef - customer menu clicked
[INFO ] 2022-08-16 10:16:17.776 [TestNG-test=Surefire test-1] StepDef - customer menu item clicked
[INFO ] 2022-08-16 10:16:21.477 [TestNG-test=Surefire test-1] StepDef - clicked on add new button.
[INFO ] 2022-08-16 10:16:21.513 [TestNG-test=Surefire test-1] StepDef - User can view Add new customer page- passed
[INFO ] 2022-08-16 10:16:22.580 [TestNG-test=Surefire test-1] StepDef - customer information entered
[INFO ] 2022-08-16 10:16:24.562 [TestNG-test=Surefire test-1] StepDef - clicked on save button
[INFO ] 2022-08-16 10:16:24.727 [TestNG-test=Surefire test-1] StepDef - User can view confirmation message - passed
[INFO ] 2022-08-16 10:16:24.843 [TestNG-test=Surefire test-1] StepDef - Browser closed
[FATAL] 2022-08-16 10:16:26.992 [TestNG-test=Surefire test-1] StepDef - Setup1 executed...
[INFO ] 2022-08-16 10:16:26.997 [TestNG-test=Surefire test-1] StepDef - chrome browser launched
[INFO ] 2022-08-16 10:16:32.064 [TestNG-test=Surefire test-1] StepDef - url opened
[INFO ] 2022-08-16 10:16:32.292 [TestNG-test=Surefire test-1] StepDef - email address and password entered
[INFO ] 2022-08-16 10:16:36.149 [TestNG-test=Surefire test-1] StepDef - Clicked on login button
[INFO ] 2022-08-16 10:16:36.156 [TestNG-test=Surefire test-1] StepDef - user can view dashboard test passed.
[INFO ] 2022-08-16 10:16:36.280 [TestNG-test=Surefire test-1] StepDef - customer menu clicked
[INFO ] 2022-08-16 10:16:39.867 [TestNG-test=Surefire test-1] StepDef - customer menu item clicked
[INFO ] 2022-08-16 10:16:42.086 [TestNG-test=Surefire test-1] StepDef - Email address entered
[INFO ] 2022-08-16 10:16:42.152 [TestNG-test=Surefire test-1] StepDef - Clicked on search button.
[INFO ] 2022-08-16 10:16:44.201 [TestNG-test=Surefire test-1] StepDef - User should found Email in the Search table - passed
[INFO ] 2022-08-16 10:16:44.342 [TestNG-test=Surefire test-1] StepDef - Browser closed
[FATAL] 2022-08-16 10:16:47.705 [TestNG-test=Surefire test-1] StepDef - Setup1 executed...
[INFO ] 2022-08-16 10:16:47.706 [TestNG-test=Surefire test-1] StepDef - chrome browser launched
[INFO ] 2022-08-16 10:16:52.805 [TestNG-test=Surefire test-1] StepDef - url opened
[INFO ] 2022-08-16 10:16:53.024 [TestNG-test=Surefire test-1] StepDef - email address and password entered
[INFO ] 2022-08-16 10:16:56.762 [TestNG-test=Surefire test-1] StepDef - Clicked on login button
[INFO ] 2022-08-16 10:16:56.772 [TestNG-test=Surefire test-1] StepDef - user can view dashboard test passed.
[INFO ] 2022-08-16 10:16:56.932 [TestNG-test=Surefire test-1] StepDef - customer menu clicked
[INFO ] 2022-08-16 10:17:27.753 [TestNG-test=Surefire test-1] StepDef - customer menu item clicked
[INFO ] 2022-08-16 10:17:30.043 [TestNG-test=Surefire test-1] StepDef - Clicked on search button.
[INFO ] 2022-08-16 10:17:32.233 [TestNG-test=Surefire test-1] StepDef - Browser closed
[FATAL] 2022-08-16 10:17:34.424 [TestNG-test=Surefire test-1] StepDef - Setup1 executed...
[INFO ] 2022-08-16 10:17:34.430 [TestNG-test=Surefire test-1] StepDef - chrome browser launched
[INFO ] 2022-08-16 10:17:40.931 [TestNG-test=Surefire test-1] StepDef - url opened
[INFO ] 2022-08-16 10:17:41.192 [TestNG-test=Surefire test-1] StepDef - email address and password entered
[INFO ] 2022-08-16 10:17:51.161 [TestNG-test=Surefire test-1] StepDef - Clicked on login button
[INFO ] 2022-08-16 10:17:51.169 [TestNG-test=Surefire test-1] StepDef - user can view dashboard test passed.
[INFO ] 2022-08-16 10:17:51.202 [TestNG-test=Surefire test-1] StepDef - Common statistics text present
[INFO ] 2022-08-16 10:17:51.512 [TestNG-test=Surefire test-1] StepDef - Common statistics tiles present
[INFO ] 2022-08-16 10:17:53.994 [TestNG-test=Surefire test-1] StepDef - Browser closed
[FATAL] 2022-08-16 10:17:56.108 [TestNG-test=Surefire test-1] StepDef - Setup1 executed...
[INFO ] 2022-08-16 10:17:56.110 [TestNG-test=Surefire test-1] StepDef - chrome browser launched
[INFO ] 2022-08-16 10:18:01.257 [TestNG-test=Surefire test-1] StepDef - url opened
[INFO ] 2022-08-16 10:18:01.470 [TestNG-test=Surefire test-1] StepDef - email address and password entered
[INFO ] 2022-08-16 10:18:05.468 [TestNG-test=Surefire test-1] StepDef - Clicked on login button
[INFO ] 2022-08-16 10:18:05.474 [TestNG-test=Surefire test-1] StepDef - user can view dashboard test passed.
[INFO ] 2022-08-16 10:18:05.514 [TestNG-test=Surefire test-1] StepDef - ORDER text present
[INFO ] 2022-08-16 10:18:05.707 [TestNG-test=Surefire test-1] StepDef - Orders Graph present
[INFO ] 2022-08-16 10:18:05.792 [TestNG-test=Surefire test-1] StepDef - Browser closed
[FATAL] 2022-08-16 10:18:07.903 [TestNG-test=Surefire test-1] StepDef - Setup1 executed...
[INFO ] 2022-08-16 10:18:07.905 [TestNG-test=Surefire test-1] StepDef - chrome browser launched
[INFO ] 2022-08-16 10:18:16.014 [TestNG-test=Surefire test-1] StepDef - url opened
[INFO ] 2022-08-16 10:18:16.256 [TestNG-test=Surefire test-1] StepDef - email address and password entered
[INFO ] 2022-08-16 10:18:20.338 [TestNG-test=Surefire test-1] StepDef - Clicked on login button
[INFO ] 2022-08-16 10:18:20.351 [TestNG-test=Surefire test-1] StepDef - user can view dashboard test passed.
[FATAL] 2022-08-16 10:18:23.230 [TestNG-test=Surefire test-1] StepDef - Setup1 executed...
[INFO ] 2022-08-16 10:18:23.232 [TestNG-test=Surefire test-1] StepDef - chrome browser launched
[INFO ] 2022-08-16 10:18:28.587 [TestNG-test=Surefire test-1] StepDef - url opened
[INFO ] 2022-08-16 10:18:28.873 [TestNG-test=Surefire test-1] StepDef - email address and password entered
[INFO ] 2022-08-16 10:18:33.383 [TestNG-test=Surefire test-1] StepDef - Clicked on login button
[WARN ] 2022-08-16 10:18:33.396 [TestNG-test=Surefire test-1] StepDef - Test passed: Login feature :Page title matched.
[FATAL] 2022-08-16 10:18:37.004 [TestNG-test=Surefire test-1] StepDef - Setup1 executed...
[INFO ] 2022-08-16 10:18:37.013 [TestNG-test=Surefire test-1] StepDef - chrome browser launched
[INFO ] 2022-08-16 10:18:41.252 [TestNG-test=Surefire test-1] StepDef - url opened
[INFO ] 2022-08-16 10:18:41.469 [TestNG-test=Surefire test-1] StepDef - email address and password entered
[INFO ] 2022-08-16 10:18:45.579 [TestNG-test=Surefire test-1] StepDef - Clicked on login button
[WARN ] 2022-08-16 10:18:45.583 [TestNG-test=Surefire test-1] StepDef - Test passed: Login feature :Page title matched.
[INFO ] 2022-08-16 10:18:47.242 [TestNG-test=Surefire test-1] StepDef - user clicked on logout link.
[WARN ] 2022-08-16 10:18:47.250 [TestNG-test=Surefire test-1] StepDef - Test passed: Login feature :Page title matched.
[INFO ] 2022-08-16 10:18:47.377 [TestNG-test=Surefire test-1] StepDef - Browser closed
